#
# A fatal error has been detected by the Java Runtime Environment:
#
#  SIGSEGV (0xb) at pc=0x00007f035006bea7, pid=171342, tid=171418
#
# JRE version: OpenJDK Runtime Environment Temurin-17.0.7+7 (17.0.7+7) (build 17.0.7+7)
# Java VM: OpenJDK 64-Bit Server VM Temurin-17.0.7+7 (17.0.7+7, mixed mode, tiered, compressed oops, compressed class ptrs, parallel gc, linux-amd64)
# Problematic frame:
# V  [libjvm.so+0xc78ea7]  ParCompactionManager::follow_marking_stacks()+0x4f7
#
# No core dump will be written. Core dumps have been disabled. To enable core dumping, try "ulimit -c unlimited" before starting Java again
#
# If you would like to submit a bug report, please visit:
#   https://github.com/adoptium/adoptium-support/issues
#

---------------  S U M M A R Y ------------

Command Line: --add-modules=ALL-SYSTEM --add-opens=java.base/java.util=ALL-UNNAMED --add-opens=java.base/java.lang=ALL-UNNAMED --add-opens=java.base/sun.nio.fs=ALL-UNNAMED -Declipse.application=org.eclipse.jdt.ls.core.id1 -Dosgi.bundles.defaultStartLevel=4 -Declipse.product=org.eclipse.jdt.ls.core.product -Djava.import.generatesMetadataFilesAtProjectRoot=false -Dfile.encoding=utf8 -XX:+UseParallelGC -XX:GCTimeRatio=4 -XX:AdaptiveSizePolicyWeight=90 -Dsun.zip.disableMemoryMapping=true -Xmx1G -Xms100m -Xlog:disable -javaagent:/home/chaitanya/.vscode-server/extensions/redhat.java-1.21.0-linux-x64/lombok/lombok-1.18.28.jar -XX:+HeapDumpOnOutOfMemoryError -XX:HeapDumpPath=/home/chaitanya/.vscode-server/data/User/workspaceStorage/d5a14874ed8b11c39e18116b766057e4/redhat.java -Daether.dependencyCollector.impl=bf /home/chaitanya/.vscode-server/extensions/redhat.java-1.21.0-linux-x64/server/plugins/org.eclipse.equinox.launcher_1.6.500.v20230717-2134.jar -configuration /home/chaitanya/.vscode-server/data/User/globalStorage/redhat.java/1.21.0/config_linux -data /home/chaitanya/.vscode-server/data/User/workspaceStorage/d5a14874ed8b11c39e18116b766057e4/redhat.java/jdt_ws

Host: Intel(R) Core(TM) i7-8650U CPU @ 1.90GHz, 8 cores, 7G, Debian GNU/Linux 12 (bookworm)
Time: Tue Sep  5 15:49:05 2023 IST elapsed time: 213.651706 seconds (0d 0h 3m 33s)

---------------  T H R E A D  ---------------

Current thread (0x00007f0328001250):  GCTaskThread "GC Thread#1" [stack: 0x00007f02f7e00000,0x00007f02f7f00000] [id=171418]

Stack: [0x00007f02f7e00000,0x00007f02f7f00000],  sp=0x00007f02f7efeb40,  free space=1018k
Native frames: (J=compiled Java code, j=interpreted, Vv=VM code, C=native code)
V  [libjvm.so+0xc78ea7]  ParCompactionManager::follow_marking_stacks()+0x4f7
V  [libjvm.so+0xc8b071]  PCAddThreadRootsMarkingTaskClosure::do_thread(Thread*)+0xb1
V  [libjvm.so+0xe638f8]  Threads::possibly_parallel_threads_do(bool, ThreadClosure*)+0x168
V  [libjvm.so+0xc8d482]  MarkFromRootsTask::work(unsigned int)+0x112
V  [libjvm.so+0xf14b7f]  GangWorker::loop()+0x5f
V  [libjvm.so+0xf14bdf]
V  [libjvm.so+0xe65c10]  Thread::call_run()+0xc0
V  [libjvm.so+0xc1aa21]  thread_native_entry(Thread*)+0xe1


siginfo: si_signo: 11 (SIGSEGV), si_code: 1 (SEGV_MAPERR), si_addr: 0x0000000643ec5b08

Register to memory mapping:

RAX=0x0000000000000001 is an unknown value
RBX=0x00007f034812dac0 points into unknown readable memory: 0x0000000000000000 | 00 00 00 00 00 00 00 00
RCX=0x0000000000000003 is an unknown value
RDX=0x0 is NULL
RSP=0x00007f02f7efeb40 points into unknown readable memory: 0x00007f034860ae58 | 58 ae 60 48 03 7f 00 00
RBP=0x00007f02f7efec20 points into unknown readable memory: 0x00007f02f7efecc0 | c0 ec ef f7 02 7f 00 00
RSI=0x00007f03506af320: <offset 0x00000000012bc320> in /home/chaitanya/.vscode-server/extensions/redhat.java-1.21.0-linux-x64/jre/17.0.7-linux-x86_64/lib/server/libjvm.so at 0x00007f034f3f3000
RDI=0x0000000643ec5b00 is an unknown value
R8 =0x00000000c8712b58 is an oop: [Ljava.lang.Object; 
{0x00000000c8712b58} - klass: 'java/lang/Object'[]
 - length: 5
R9 =0x000000000000257a is an unknown value
R10=0x00000000c8712b6c is pointing into object: [Ljava.lang.Object; 
{0x00000000c8712b58} - klass: 'java/lang/Object'[]
 - length: 5
R11=0x00007f03506afd28: <offset 0x00000000012bcd28> in /home/chaitanya/.vscode-server/extensions/redhat.java-1.21.0-linux-x64/jre/17.0.7-linux-x86_64/lib/server/libjvm.so at 0x00007f034f3f3000
R12=0x0 is NULL
R13=0x00000000c8712b7c is pointing into object: [Ljava.lang.Object; 
{0x00000000c8712b58} - klass: 'java/lang/Object'[]
 - length: 5
R14=0x00007f03506f61ad: <offset 0x00000000013031ad> in /home/chaitanya/.vscode-server/extensions/redhat.java-1.21.0-linux-x64/jre/17.0.7-linux-x86_64/lib/server/libjvm.so at 0x00007f034f3f3000
R15=0x00000000c87d8c70 is pointing into object: java.lang.invoke.MemberName 
{0x00000000c87d8c58} - klass: 'java/lang/invoke/MemberName'
 - ---- fields (total size 6 words):
 - private 'flags' 'I' @12  117506050 (7010002)
 - private 'clazz' 'Ljava/lang/Class;' @24  a 'java/lang/Class'{0x00000000c8642928} = 'jdk/internal/net/http/Http2ClientImpl' (c8642928)
 - private 'name' 'Ljava/lang/String;' @28  "close"{0x00000000c87d8c88} (c87d8c88)
 - private 'type' 'Ljava/lang/Object;' @32  a 'java/lang/invoke/MethodType'{0x00000000c87d8b60} = (Ljdk/internal/net/http/Http2Connection;)V (c87d8b60)
 - private 'method' 'Ljava/lang/invoke/ResolvedMethodName;' @36  a 'java/lang/invoke/ResolvedMethodName'{0x00000000c87d8cb8} (c87d8cb8)
 - 'resolution' 'Ljava/lang/Object;' @40  NULL (0)


Registers:
RAX=0x0000000000000001, RBX=0x00007f034812dac0, RCX=0x0000000000000003, RDX=0x0000000000000000
RSP=0x00007f02f7efeb40, RBP=0x00007f02f7efec20, RSI=0x00007f03506af320, RDI=0x0000000643ec5b00
R8 =0x00000000c8712b58, R9 =0x000000000000257a, R10=0x00000000c8712b6c, R11=0x00007f03506afd28
R12=0x0000000000000000, R13=0x00000000c8712b7c, R14=0x00007f03506f61ad, R15=0x00000000c87d8c70
RIP=0x00007f035006bea7, EFLAGS=0x0000000000010206, CSGSFS=0x002b000000000033, ERR=0x0000000000000004
  TRAPNO=0x000000000000000e

Top of Stack: (sp=0x00007f02f7efeb40)
0x00007f02f7efeb40:   00007f034860ae58 00000000c8712c78
0x00007f02f7efeb50:   0000000000000000 0000000000000000
0x00007f02f7efeb60:   0000000000000000 0000000000000000
0x00007f02f7efeb70:   0000000000000000 0000000000000000 

Instructions: (pc=0x00007f035006bea7)
0x00007f035006bda7:   b3 59 00 48 89 45 b0 48 63 42 0c ff 14 c1 e9 56
0x00007f035006bdb7:   fc ff ff 66 0f 1f 44 00 00 49 8b 50 08 81 7a 08
0x00007f035006bdc7:   00 00 00 c0 7d af 3c 01 48 8d 15 d8 a3 68 00 48
0x00007f035006bdd7:   19 c9 83 e1 08 3c 01 48 19 c0 83 e0 04 80 3a 00
0x00007f035006bde7:   49 63 54 00 0c 0f 84 7e 01 00 00 48 81 fa 00 08
0x00007f035006bdf7:   00 00 b8 00 08 00 00 4d 8d 54 08 10 48 0f 46 c2
0x00007f035006be07:   4d 8d 2c 82 48 39 c2 0f 87 0c 04 00 00 4d 39 ea
0x00007f035006be17:   72 14 e9 f2 fb ff ff 66 90 49 83 c2 04 4d 39 d5
0x00007f035006be27:   0f 86 e3 fb ff ff 45 8b 3a 45 85 ff 74 eb 48 8d
0x00007f035006be37:   05 f4 34 64 00 48 8b 15 9d 5b 6a 00 8b 48 08 49
0x00007f035006be47:   d3 e7 4c 03 38 4c 89 f9 48 2b 0a 48 89 c8 48 8d
0x00007f035006be57:   0d cc 3e 64 00 48 c1 e8 03 8b 09 48 d3 e8 48 89
0x00007f035006be67:   c1 48 89 c6 48 8b 42 10 ba 01 00 00 00 83 e1 3f
0x00007f035006be77:   48 c1 ee 06 48 d3 e2 48 23 14 f0 49 89 d4 75 99
0x00007f035006be87:   41 0f b6 06 84 c0 0f 84 dd 02 00 00 48 8d 35 86
0x00007f035006be97:   34 64 00 41 8b 7f 08 8b 4e 08 48 d3 e7 48 03 3e
0x00007f035006bea7:   8b 4f 08 85 c9 0f 8e 76 02 00 00 f6 c1 01 74 1a
0x00007f035006beb7:   48 8b 07 48 8d 35 3f 4f 61 ff 48 8b 80 00 01 00
0x00007f035006bec7:   00 48 39 f0 0f 85 e9 05 00 00 c1 f9 03 4c 63 e1
0x00007f035006bed7:   48 8d 3d 22 5c 6a 00 4c 89 e2 4c 89 fe 4c 89 95
0x00007f035006bee7:   28 ff ff ff e8 10 cf fb ff 4c 8b 95 28 ff ff ff
0x00007f035006bef7:   84 c0 0f 84 21 ff ff ff 48 8d 3d ba 5b 6a 00 4c
0x00007f035006bf07:   89 e2 4c 89 fe e8 8f b8 00 00 8b 83 88 00 00 00
0x00007f035006bf17:   8b 8b 08 01 00 00 4c 8b 95 28 ff ff ff 89 c2 29
0x00007f035006bf27:   ca 81 e2 ff ff 01 00 81 fa fd ff 01 00 0f 86 86
0x00007f035006bf37:   07 00 00 48 8b 83 a8 02 00 00 48 3b 83 90 02 00
0x00007f035006bf47:   00 0f 84 11 0a 00 00 48 8b 93 c0 02 00 00 48 8d
0x00007f035006bf57:   14 c2 48 83 c0 01 4c 89 3a 48 89 83 a8 02 00 00
0x00007f035006bf67:   e9 b4 fe ff ff 0f 1f 40 00 48 81 fa 00 08 00 00
0x00007f035006bf77:   b8 00 08 00 00 4d 8d 7c 08 10 48 0f 46 c2 4d 8d
0x00007f035006bf87:   2c c7 48 39 c2 0f 87 1e 02 00 00 4d 39 ef 72 16
0x00007f035006bf97:   e9 74 fa ff ff 0f 1f 40 00 49 83 c7 08 4d 39 fd 


Stack slot to memory mapping:
stack at sp + 0 slots: 0x00007f034860ae58 points into unknown readable memory: 0x00000000c0653118 | 18 31 65 c0 00 00 00 00
stack at sp + 1 slots: 0x00000000c8712c78 is pointing into object: [Ljava.lang.Object; 
{0x00000000c8712bf0} - klass: 'java/lang/Object'[]
 - length: 32
stack at sp + 2 slots: 0x0 is NULL
stack at sp + 3 slots: 0x0 is NULL
stack at sp + 4 slots: 0x0 is NULL
stack at sp + 5 slots: 0x0 is NULL
stack at sp + 6 slots: 0x0 is NULL
stack at sp + 7 slots: 0x0 is NULL


---------------  P R O C E S S  ---------------

Threads class SMR info:
_java_thread_list=0x00007f02e83e69c0, length=32, elements={
0x00007f0348027e50, 0x00007f03481e6a20, 0x00007f03481e7f90, 0x00007f034820f1d0,
0x00007f0348212ac0, 0x00007f0348213a30, 0x00007f0348215080, 0x00007f0348216530,
0x00007f034821f960, 0x00007f03482bd7e0, 0x00007f03483ae3e0, 0x00007f034860a850,
0x00007f034865e4b0, 0x00007f0348661040, 0x00007f02cc033a60, 0x00007f02cc276f10,
0x00007f02cc34a8c0, 0x00007f03487859c0, 0x00007f034892a840, 0x00007f034892b7d0,
0x00007f02b4004850, 0x00007f0298072a60, 0x00007f028c001410, 0x00007f02b8017ca0,
0x00007f0298279c60, 0x00007f027c000ff0, 0x00007f028c003f00, 0x00007f0274000ff0,
0x00007f028c025af0, 0x00007f0318000eb0, 0x00007f02ac017370, 0x00007f029c0b4160
}

Java Threads: ( => current thread )
  0x00007f0348027e50 JavaThread "main" [_thread_blocked, id=171343, stack(0x00007f034f20f000,0x00007f034f30f000)]
  0x00007f03481e6a20 JavaThread "Reference Handler" daemon [_thread_blocked, id=171346, stack(0x00007f032ceef000,0x00007f032cfef000)]
  0x00007f03481e7f90 JavaThread "Finalizer" daemon [_thread_blocked, id=171347, stack(0x00007f032cdef000,0x00007f032ceef000)]
  0x00007f034820f1d0 JavaThread "Signal Dispatcher" daemon [_thread_blocked, id=171349, stack(0x00007f032ca06000,0x00007f032cb06000)]
  0x00007f0348212ac0 JavaThread "Service Thread" daemon [_thread_blocked, id=171350, stack(0x00007f032c906000,0x00007f032ca06000)]
  0x00007f0348213a30 JavaThread "Monitor Deflation Thread" daemon [_thread_blocked, id=171351, stack(0x00007f032c806000,0x00007f032c906000)]
  0x00007f0348215080 JavaThread "C2 CompilerThread0" daemon [_thread_blocked, id=171352, stack(0x00007f032c706000,0x00007f032c806000)]
  0x00007f0348216530 JavaThread "C1 CompilerThread0" daemon [_thread_blocked, id=171353, stack(0x00007f032c606000,0x00007f032c706000)]
  0x00007f034821f960 JavaThread "Sweeper thread" daemon [_thread_blocked, id=171354, stack(0x00007f032c506000,0x00007f032c606000)]
  0x00007f03482bd7e0 JavaThread "Common-Cleaner" daemon [_thread_blocked, id=171355, stack(0x00007f032c406000,0x00007f032c506000)]
  0x00007f03483ae3e0 JavaThread "Notification Thread" daemon [_thread_blocked, id=171394, stack(0x00007f032c2de000,0x00007f032c3de000)]
  0x00007f034860a850 JavaThread "Active Thread: Equinox Container: 1f840679-21e2-4c49-8ff5-3acaa3f7f36a" [_thread_blocked, id=171425, stack(0x00007f02f77f4000,0x00007f02f78f4000)]
  0x00007f034865e4b0 JavaThread "Framework Event Dispatcher: Equinox Container: 1f840679-21e2-4c49-8ff5-3acaa3f7f36a" daemon [_thread_blocked, id=171426, stack(0x00007f02f76f4000,0x00007f02f77f4000)]
  0x00007f0348661040 JavaThread "Start Level: Equinox Container: 1f840679-21e2-4c49-8ff5-3acaa3f7f36a" daemon [_thread_blocked, id=171427, stack(0x00007f02f75f4000,0x00007f02f76f4000)]
  0x00007f02cc033a60 JavaThread "SCR Component Actor" daemon [_thread_blocked, id=171428, stack(0x00007f02f74f4000,0x00007f02f75f4000)]
  0x00007f02cc276f10 JavaThread "Worker-JM" [_thread_blocked, id=171433, stack(0x00007f02f7f00000,0x00007f02f8000000)]
  0x00007f02cc34a8c0 JavaThread "Worker-0" [_thread_blocked, id=171440, stack(0x00007f02f6efe000,0x00007f02f6ffe000)]
  0x00007f03487859c0 JavaThread "pool-2-thread-1" [_thread_blocked, id=171471, stack(0x00007f02f67b1000,0x00007f02f68b1000)]
  0x00007f034892a840 JavaThread "WorkspaceEventsHandler" [_thread_blocked, id=171476, stack(0x00007f02f69fe000,0x00007f02f6afe000)]
  0x00007f034892b7d0 JavaThread "pool-1-thread-1" [_thread_blocked, id=171477, stack(0x00007f02f68fe000,0x00007f02f69fe000)]
  0x00007f02b4004850 JavaThread "Worker-3" [_thread_blocked, id=171481, stack(0x00007f02f66b1000,0x00007f02f67b1000)]
  0x00007f0298072a60 JavaThread "ForkJoinPool.commonPool-worker-1" daemon [_thread_blocked, id=171497, stack(0x00007f02f65b1000,0x00007f02f66b1000)]
  0x00007f028c001410 JavaThread "ForkJoinPool.commonPool-worker-2" daemon [_thread_blocked, id=171498, stack(0x00007f02f64b1000,0x00007f02f65b1000)]
  0x00007f02b8017ca0 JavaThread "Bundle File Closer" daemon [_thread_blocked, id=171499, stack(0x00007f02f63b1000,0x00007f02f64b1000)]
  0x00007f0298279c60 JavaThread "ForkJoinPool.commonPool-worker-3" daemon [_thread_blocked, id=171548, stack(0x00007f02f62b1000,0x00007f02f63b1000)]
  0x00007f027c000ff0 JavaThread "ForkJoinPool.commonPool-worker-4" daemon [_thread_blocked, id=171549, stack(0x00007f02f61b1000,0x00007f02f62b1000)]
  0x00007f028c003f00 JavaThread "ForkJoinPool.commonPool-worker-5" daemon [_thread_blocked, id=171550, stack(0x00007f02f60b1000,0x00007f02f61b1000)]
  0x00007f0274000ff0 JavaThread "ForkJoinPool.commonPool-worker-6" daemon [_thread_blocked, id=171551, stack(0x00007f02f5fb1000,0x00007f02f60b1000)]
  0x00007f028c025af0 JavaThread "ForkJoinPool.commonPool-worker-7" daemon [_thread_blocked, id=171570, stack(0x00007f02f5db1000,0x00007f02f5eb1000)]
  0x00007f0318000eb0 JavaThread "Attach Listener" daemon [_thread_blocked, id=171637, stack(0x00007f02f5eb1000,0x00007f02f5fb1000)]
  0x00007f02ac017370 JavaThread "Java indexing" daemon [_thread_blocked, id=171678, stack(0x00007f032c0dc000,0x00007f032c1dc000)]
  0x00007f029c0b4160 JavaThread "Worker-5" [_thread_blocked, id=173048, stack(0x00007f02f6cfe000,0x00007f02f6dfe000)]

Other Threads:
  0x00007f03481d68e0 VMThread "VM Thread" [stack: 0x00007f032cff1000,0x00007f032d0f1000] [id=171345]
  0x00007f0348071930 WatcherThread [stack: 0x00007f032c1de000,0x00007f032c2de000] [id=171395]
  0x00007f034803f3a0 GCTaskThread "GC Thread#0" [stack: 0x00007f034c0c0000,0x00007f034c1c0000] [id=171344]
=>0x00007f0328001250 GCTaskThread "GC Thread#1" [stack: 0x00007f02f7e00000,0x00007f02f7f00000] [id=171418]
  0x00007f03280030c0 GCTaskThread "GC Thread#2" [stack: 0x00007f02f7cfe000,0x00007f02f7dfe000] [id=171419]
  0x00007f0328003a70 GCTaskThread "GC Thread#3" [stack: 0x00007f02f7bfc000,0x00007f02f7cfc000] [id=171420]
  0x00007f0328004420 GCTaskThread "GC Thread#4" [stack: 0x00007f02f7afa000,0x00007f02f7bfa000] [id=171421]
  0x00007f0328004df0 GCTaskThread "GC Thread#5" [stack: 0x00007f02f79f8000,0x00007f02f7af8000] [id=171422]
  0x00007f03280057e0 GCTaskThread "GC Thread#6" [stack: 0x00007f02f78f6000,0x00007f02f79f6000] [id=171423]
  0x00007f0328006630 GCTaskThread "GC Thread#7" [stack: 0x00007f02f7100000,0x00007f02f7200000] [id=171429]

Threads with active compile tasks:

VM state: at safepoint (normal execution)

VM Mutex/Monitor currently owned by a thread:  ([mutex/lock_event])
[0x00007f0348024c40] Threads_lock - owner thread: 0x00007f03481d68e0
[0x00007f03480253f0] Heap_lock - owner thread: 0x00007f0298072a60

Heap address: 0x00000000c0000000, size: 1024 MB, Compressed Oops mode: 32-bit

CDS archive(s) not mapped
Compressed class space mapped at: 0x0000000100000000-0x0000000140000000, reserved size: 1073741824
Narrow klass base: 0x0000000000000000, Narrow klass shift: 3, Narrow klass range: 0x140000000

GC Precious Log:
 CPUs: 8 total, 8 available
 Memory: 7873M
 Large Page Support: Disabled
 NUMA Support: Disabled
 Compressed Oops: Enabled (32-bit)
 Alignments: Space 512K, Generation 512K, Heap 2M
 Heap Min Capacity: 100M
 Heap Initial Capacity: 100M
 Heap Max Capacity: 1G
 Pre-touch: Disabled
 Parallel Workers: 8

Heap:
 PSYoungGen      total 55808K, used 14824K [0x00000000eab00000, 0x00000000f1200000, 0x0000000100000000)
  eden space 40960K, 0% used [0x00000000eab00000,0x00000000eab00000,0x00000000ed300000)
  from space 14848K, 99% used [0x00000000eee00000,0x00000000efc7a290,0x00000000efc80000)
  to   space 27648K, 0% used [0x00000000ed300000,0x00000000ed300000,0x00000000eee00000)
 ParOldGen       total 488960K, used 485202K [0x00000000c0000000, 0x00000000ddd80000, 0x00000000eab00000)
  object space 488960K, 99% used [0x00000000c0000000,0x00000000dd9d4bd0,0x00000000ddd80000)
 Metaspace       used 77816K, committed 79040K, reserved 1179648K
  class space    used 8123K, committed 8640K, reserved 1048576K

Card table byte_map: [0x00007f034c1c0000,0x00007f034c3c1000] _byte_map_base: 0x00007f034bbc0000

Marking Bits: (ParMarkBitMap*) 0x00007f0350711b00
 Begin Bits: [0x00007f0332000000, 0x00007f0333000000)
 End Bits:   [0x00007f0333000000, 0x00007f0334000000)

Polling page: 0x00007f0350963000

Metaspace:

Usage:
  Non-class:     68.06 MB used.
      Class:      7.93 MB used.
       Both:     75.99 MB used.

Virtual space:
  Non-class space:      128.00 MB reserved,      68.75 MB ( 54%) committed,  2 nodes.
      Class space:        1.00 GB reserved,       8.44 MB ( <1%) committed,  1 nodes.
             Both:        1.12 GB reserved,      77.19 MB (  7%) committed. 

Chunk freelists:
   Non-Class:  10.70 MB
       Class:  7.47 MB
        Both:  18.18 MB

MaxMetaspaceSize: unlimited
CompressedClassSpaceSize: 1.00 GB
Initial GC threshold: 21.00 MB
Current GC threshold: 125.44 MB
CDS: off
MetaspaceReclaimPolicy: balanced
 - commit_granule_bytes: 65536.
 - commit_granule_words: 8192.
 - virtual_space_node_default_size: 8388608.
 - enlarge_chunks_in_place: 1.
 - new_chunks_are_fully_committed: 0.
 - uncommit_free_chunks: 1.
 - use_allocation_guard: 0.
 - handle_deallocations: 1.


Internal statistics:

num_allocs_failed_limit: 9.
num_arena_births: 874.
num_arena_deaths: 24.
num_vsnodes_births: 3.
num_vsnodes_deaths: 0.
num_space_committed: 1235.
num_space_uncommitted: 0.
num_chunks_returned_to_freelist: 42.
num_chunks_taken_from_freelist: 4238.
num_chunk_merges: 17.
num_chunk_splits: 2570.
num_chunks_enlarged: 1328.
num_inconsistent_stats: 0.

CodeHeap 'non-profiled nmethods': size=120028Kb used=9765Kb max_used=9837Kb free=110262Kb
 bounds [0x00007f0340ac9000, 0x00007f0341479000, 0x00007f0348000000]
CodeHeap 'profiled nmethods': size=120028Kb used=22431Kb max_used=22510Kb free=97596Kb
 bounds [0x00007f0339000000, 0x00007f033a650000, 0x00007f0340537000]
CodeHeap 'non-nmethods': size=5704Kb used=1384Kb max_used=1545Kb free=4319Kb
 bounds [0x00007f0340537000, 0x00007f03407a7000, 0x00007f0340ac9000]
 total_blobs=11373 nmethods=10640 adapters=647
 compilation: enabled
              stopped_count=0, restarted_count=0
 full_count=0

Compilation events (20 events):
Event: 213.559 Thread 0x00007f0348216530 14111       3       org.eclipse.lsp4j.jsonrpc.json.StreamMessageProducer$Headers::<init> (20 bytes)
Event: 213.559 Thread 0x00007f0348215080 14112       4       org.eclipse.jdt.internal.core.util.Util::equalArraysOrNull (72 bytes)
Event: 213.559 Thread 0x00007f0348216530 nmethod 14111 0x00007f033a0bb790 code [0x00007f033a0bb940, 0x00007f033a0bbaf0]
Event: 213.561 Thread 0x00007f0348216530 14114   !   3       org.eclipse.lsp4j.jsonrpc.json.StreamMessageProducer::parseHeader (180 bytes)
Event: 213.564 Thread 0x00007f0348216530 nmethod 14114 0x00007f0339e30110 code [0x00007f0339e304a0, 0x00007f0339e31720]
Event: 213.564 Thread 0x00007f0348216530 14115   !   3       org.eclipse.lsp4j.jsonrpc.json.StreamMessageProducer::handleMessage (155 bytes)
Event: 213.564 Thread 0x00007f0348215080 nmethod 14112 0x00007f0340fdb910 code [0x00007f0340fdbaa0, 0x00007f0340fdbdd8]
Event: 213.564 Thread 0x00007f0348215080 14117       4       org.eclipse.jdt.internal.compiler.impl.CompilerOptions::getSeverityString (49 bytes)
Event: 213.566 Thread 0x00007f0348216530 nmethod 14115 0x00007f0339e74a10 code [0x00007f0339e74cc0, 0x00007f0339e75a70]
Event: 213.566 Thread 0x00007f0348216530 14116       3       org.eclipse.lsp4j.jsonrpc.json.MessageJsonHandler::parseMessage (20 bytes)
Event: 213.567 Thread 0x00007f0348216530 nmethod 14116 0x00007f033976c610 code [0x00007f033976c800, 0x00007f033976ccf0]
Event: 213.568 Thread 0x00007f0348215080 nmethod 14117 0x00007f0340fdb390 code [0x00007f0340fdb520, 0x00007f0340fdb6d8]
Event: 213.568 Thread 0x00007f0348215080 14113       4       com.google.gson.stream.JsonWriter::beforeValue (134 bytes)
Event: 213.577 Thread 0x00007f0348216530 14118       3       org.eclipse.jdt.internal.compiler.util.SimpleSet::rehash (72 bytes)
Event: 213.577 Thread 0x00007f0348216530 nmethod 14118 0x00007f033976bd90 code [0x00007f033976bf60, 0x00007f033976c2b0]
Event: 213.580 Thread 0x00007f0348215080 nmethod 14113 0x00007f0340fd9f10 code [0x00007f0340fda0e0, 0x00007f0340fdac08]
Event: 213.598 Thread 0x00007f0348216530 14119       3       org.eclipse.jdt.internal.core.index.MetaIndex$$Lambda$562/0x0000000100766b28::test (5 bytes)
Event: 213.598 Thread 0x00007f0348216530 nmethod 14119 0x00007f033a2a8890 code [0x00007f033a2a8a40, 0x00007f033a2a8c10]
Event: 213.599 Thread 0x00007f0348216530 14120       3       java.util.stream.Collectors$$Lambda$6/0x000000010003cd30::accept (14 bytes)
Event: 213.599 Thread 0x00007f0348216530 nmethod 14120 0x00007f033a2a8310 code [0x00007f033a2a84c0, 0x00007f033a2a8760]

GC Heap History (20 events):
Event: 171.698 GC heap after
{Heap after GC invocations=230 (full 16):
 PSYoungGen      total 61440K, used 16074K [0x00000000eab00000, 0x00000000ef900000, 0x0000000100000000)
  eden space 45056K, 0% used [0x00000000eab00000,0x00000000eab00000,0x00000000ed700000)
  from space 16384K, 98% used [0x00000000edb80000,0x00000000eeb32918,0x00000000eeb80000)
  to   space 13824K, 0% used [0x00000000eeb80000,0x00000000eeb80000,0x00000000ef900000)
 ParOldGen       total 488960K, used 438962K [0x00000000c0000000, 0x00000000ddd80000, 0x00000000eab00000)
  object space 488960K, 89% used [0x00000000c0000000,0x00000000dacacac0,0x00000000ddd80000)
 Metaspace       used 76028K, committed 77184K, reserved 1179648K
  class space    used 7991K, committed 8448K, reserved 1048576K
}
Event: 177.672 GC heap before
{Heap before GC invocations=231 (full 16):
 PSYoungGen      total 61440K, used 61130K [0x00000000eab00000, 0x00000000ef900000, 0x0000000100000000)
  eden space 45056K, 100% used [0x00000000eab00000,0x00000000ed700000,0x00000000ed700000)
  from space 16384K, 98% used [0x00000000edb80000,0x00000000eeb32918,0x00000000eeb80000)
  to   space 13824K, 0% used [0x00000000eeb80000,0x00000000eeb80000,0x00000000ef900000)
 ParOldGen       total 488960K, used 438962K [0x00000000c0000000, 0x00000000ddd80000, 0x00000000eab00000)
  object space 488960K, 89% used [0x00000000c0000000,0x00000000dacacac0,0x00000000ddd80000)
 Metaspace       used 76197K, committed 77312K, reserved 1179648K
  class space    used 7992K, committed 8448K, reserved 1048576K
}
Event: 177.709 GC heap after
{Heap after GC invocations=231 (full 16):
 PSYoungGen      total 56320K, used 13823K [0x00000000eab00000, 0x00000000f0800000, 0x0000000100000000)
  eden space 42496K, 0% used [0x00000000eab00000,0x00000000eab00000,0x00000000ed480000)
  from space 13824K, 99% used [0x00000000eeb80000,0x00000000ef8ffc68,0x00000000ef900000)
  to   space 23552K, 0% used [0x00000000ed480000,0x00000000ed480000,0x00000000eeb80000)
 ParOldGen       total 488960K, used 447282K [0x00000000c0000000, 0x00000000ddd80000, 0x00000000eab00000)
  object space 488960K, 91% used [0x00000000c0000000,0x00000000db4ccb08,0x00000000ddd80000)
 Metaspace       used 76197K, committed 77312K, reserved 1179648K
  class space    used 7992K, committed 8448K, reserved 1048576K
}
Event: 178.542 GC heap before
{Heap before GC invocations=232 (full 16):
 PSYoungGen      total 56320K, used 56319K [0x00000000eab00000, 0x00000000f0800000, 0x0000000100000000)
  eden space 42496K, 100% used [0x00000000eab00000,0x00000000ed480000,0x00000000ed480000)
  from space 13824K, 99% used [0x00000000eeb80000,0x00000000ef8ffc68,0x00000000ef900000)
  to   space 23552K, 0% used [0x00000000ed480000,0x00000000ed480000,0x00000000eeb80000)
 ParOldGen       total 488960K, used 447282K [0x00000000c0000000, 0x00000000ddd80000, 0x00000000eab00000)
  object space 488960K, 91% used [0x00000000c0000000,0x00000000db4ccb08,0x00000000ddd80000)
 Metaspace       used 76332K, committed 77504K, reserved 1179648K
  class space    used 7992K, committed 8448K, reserved 1048576K
}
Event: 178.573 GC heap after
{Heap after GC invocations=232 (full 16):
 PSYoungGen      total 46080K, used 3191K [0x00000000eab00000, 0x00000000eec00000, 0x0000000100000000)
  eden space 42496K, 0% used [0x00000000eab00000,0x00000000eab00000,0x00000000ed480000)
  from space 3584K, 89% used [0x00000000ed480000,0x00000000ed79df20,0x00000000ed800000)
  to   space 10240K, 0% used [0x00000000ee200000,0x00000000ee200000,0x00000000eec00000)
 ParOldGen       total 488960K, used 459999K [0x00000000c0000000, 0x00000000ddd80000, 0x00000000eab00000)
  object space 488960K, 94% used [0x00000000c0000000,0x00000000dc137ee0,0x00000000ddd80000)
 Metaspace       used 76332K, committed 77504K, reserved 1179648K
  class space    used 7992K, committed 8448K, reserved 1048576K
}
Event: 186.239 GC heap before
{Heap before GC invocations=233 (full 16):
 PSYoungGen      total 46080K, used 45687K [0x00000000eab00000, 0x00000000eec00000, 0x0000000100000000)
  eden space 42496K, 100% used [0x00000000eab00000,0x00000000ed480000,0x00000000ed480000)
  from space 3584K, 89% used [0x00000000ed480000,0x00000000ed79df20,0x00000000ed800000)
  to   space 10240K, 0% used [0x00000000ee200000,0x00000000ee200000,0x00000000eec00000)
 ParOldGen       total 488960K, used 459999K [0x00000000c0000000, 0x00000000ddd80000, 0x00000000eab00000)
  object space 488960K, 94% used [0x00000000c0000000,0x00000000dc137ee0,0x00000000ddd80000)
 Metaspace       used 76445K, committed 77568K, reserved 1179648K
  class space    used 7992K, committed 8448K, reserved 1048576K
}
Event: 186.244 GC heap after
{Heap after GC invocations=233 (full 16):
 PSYoungGen      total 52736K, used 8027K [0x00000000eab00000, 0x00000000eea00000, 0x0000000100000000)
  eden space 44544K, 0% used [0x00000000eab00000,0x00000000eab00000,0x00000000ed680000)
  from space 8192K, 97% used [0x00000000ee200000,0x00000000ee9d6de0,0x00000000eea00000)
  to   space 9216K, 0% used [0x00000000ed800000,0x00000000ed800000,0x00000000ee100000)
 ParOldGen       total 488960K, used 459999K [0x00000000c0000000, 0x00000000ddd80000, 0x00000000eab00000)
  object space 488960K, 94% used [0x00000000c0000000,0x00000000dc137ee0,0x00000000ddd80000)
 Metaspace       used 76445K, committed 77568K, reserved 1179648K
  class space    used 7992K, committed 8448K, reserved 1048576K
}
Event: 189.428 GC heap before
{Heap before GC invocations=234 (full 16):
 PSYoungGen      total 52736K, used 52571K [0x00000000eab00000, 0x00000000eea00000, 0x0000000100000000)
  eden space 44544K, 99% used [0x00000000eab00000,0x00000000ed67ffa8,0x00000000ed680000)
  from space 8192K, 97% used [0x00000000ee200000,0x00000000ee9d6de0,0x00000000eea00000)
  to   space 9216K, 0% used [0x00000000ed800000,0x00000000ed800000,0x00000000ee100000)
 ParOldGen       total 488960K, used 459999K [0x00000000c0000000, 0x00000000ddd80000, 0x00000000eab00000)
  object space 488960K, 94% used [0x00000000c0000000,0x00000000dc137ee0,0x00000000ddd80000)
 Metaspace       used 76674K, committed 77824K, reserved 1179648K
  class space    used 7992K, committed 8448K, reserved 1048576K
}
Event: 189.436 GC heap after
{Heap after GC invocations=234 (full 16):
 PSYoungGen      total 54272K, used 7748K [0x00000000eab00000, 0x00000000ee880000, 0x0000000100000000)
  eden space 46080K, 0% used [0x00000000eab00000,0x00000000eab00000,0x00000000ed800000)
  from space 8192K, 94% used [0x00000000ed800000,0x00000000edf91050,0x00000000ee000000)
  to   space 8192K, 0% used [0x00000000ee080000,0x00000000ee080000,0x00000000ee880000)
 ParOldGen       total 488960K, used 460007K [0x00000000c0000000, 0x00000000ddd80000, 0x00000000eab00000)
  object space 488960K, 94% used [0x00000000c0000000,0x00000000dc139ee0,0x00000000ddd80000)
 Metaspace       used 76674K, committed 77824K, reserved 1179648K
  class space    used 7992K, committed 8448K, reserved 1048576K
}
Event: 191.794 GC heap before
{Heap before GC invocations=235 (full 16):
 PSYoungGen      total 54272K, used 53828K [0x00000000eab00000, 0x00000000ee880000, 0x0000000100000000)
  eden space 46080K, 100% used [0x00000000eab00000,0x00000000ed800000,0x00000000ed800000)
  from space 8192K, 94% used [0x00000000ed800000,0x00000000edf91050,0x00000000ee000000)
  to   space 8192K, 0% used [0x00000000ee080000,0x00000000ee080000,0x00000000ee880000)
 ParOldGen       total 488960K, used 460007K [0x00000000c0000000, 0x00000000ddd80000, 0x00000000eab00000)
  object space 488960K, 94% used [0x00000000c0000000,0x00000000dc139ee0,0x00000000ddd80000)
 Metaspace       used 76995K, committed 78208K, reserved 1179648K
  class space    used 8029K, committed 8512K, reserved 1048576K
}
Event: 191.801 GC heap after
{Heap after GC invocations=235 (full 16):
 PSYoungGen      total 54272K, used 8163K [0x00000000eab00000, 0x00000000eea80000, 0x0000000100000000)
  eden space 46080K, 0% used [0x00000000eab00000,0x00000000eab00000,0x00000000ed800000)
  from space 8192K, 99% used [0x00000000ee080000,0x00000000ee878fd0,0x00000000ee880000)
  to   space 8704K, 0% used [0x00000000ed800000,0x00000000ed800000,0x00000000ee080000)
 ParOldGen       total 488960K, used 460071K [0x00000000c0000000, 0x00000000ddd80000, 0x00000000eab00000)
  object space 488960K, 94% used [0x00000000c0000000,0x00000000dc149ee0,0x00000000ddd80000)
 Metaspace       used 76995K, committed 78208K, reserved 1179648K
  class space    used 8029K, committed 8512K, reserved 1048576K
}
Event: 198.770 GC heap before
{Heap before GC invocations=236 (full 16):
 PSYoungGen      total 54272K, used 54243K [0x00000000eab00000, 0x00000000eea80000, 0x0000000100000000)
  eden space 46080K, 100% used [0x00000000eab00000,0x00000000ed800000,0x00000000ed800000)
  from space 8192K, 99% used [0x00000000ee080000,0x00000000ee878fd0,0x00000000ee880000)
  to   space 8704K, 0% used [0x00000000ed800000,0x00000000ed800000,0x00000000ee080000)
 ParOldGen       total 488960K, used 460071K [0x00000000c0000000, 0x00000000ddd80000, 0x00000000eab00000)
  object space 488960K, 94% used [0x00000000c0000000,0x00000000dc149ee0,0x00000000ddd80000)
 Metaspace       used 77349K, committed 78592K, reserved 1179648K
  class space    used 8072K, committed 8576K, reserved 1048576K
}
Event: 198.797 GC heap after
{Heap after GC invocations=236 (full 16):
 PSYoungGen      total 54784K, used 8678K [0x00000000eab00000, 0x00000000f0780000, 0x0000000100000000)
  eden space 46080K, 0% used [0x00000000eab00000,0x00000000eab00000,0x00000000ed800000)
  from space 8704K, 99% used [0x00000000ed800000,0x00000000ee0799a0,0x00000000ee080000)
  to   space 23552K, 0% used [0x00000000ef080000,0x00000000ef080000,0x00000000f0780000)
 ParOldGen       total 488960K, used 472364K [0x00000000c0000000, 0x00000000ddd80000, 0x00000000eab00000)
  object space 488960K, 96% used [0x00000000c0000000,0x00000000dcd4b090,0x00000000ddd80000)
 Metaspace       used 77349K, committed 78592K, reserved 1179648K
  class space    used 8072K, committed 8576K, reserved 1048576K
}
Event: 211.536 GC heap before
{Heap before GC invocations=237 (full 16):
 PSYoungGen      total 54784K, used 54649K [0x00000000eab00000, 0x00000000f0780000, 0x0000000100000000)
  eden space 46080K, 99% used [0x00000000eab00000,0x00000000ed7e4c88,0x00000000ed800000)
  from space 8704K, 99% used [0x00000000ed800000,0x00000000ee0799a0,0x00000000ee080000)
  to   space 23552K, 0% used [0x00000000ef080000,0x00000000ef080000,0x00000000f0780000)
 ParOldGen       total 488960K, used 472364K [0x00000000c0000000, 0x00000000ddd80000, 0x00000000eab00000)
  object space 488960K, 96% used [0x00000000c0000000,0x00000000dcd4b090,0x00000000ddd80000)
 Metaspace       used 77462K, committed 78720K, reserved 1179648K
  class space    used 8082K, committed 8576K, reserved 1048576K
}
Event: 211.560 GC heap after
{Heap after GC invocations=237 (full 16):
 PSYoungGen      total 64512K, used 16999K [0x00000000eab00000, 0x00000000f0180000, 0x0000000100000000)
  eden space 47104K, 0% used [0x00000000eab00000,0x00000000eab00000,0x00000000ed900000)
  from space 17408K, 97% used [0x00000000ef080000,0x00000000f0119fc0,0x00000000f0180000)
  to   space 18432K, 0% used [0x00000000edd80000,0x00000000edd80000,0x00000000eef80000)
 ParOldGen       total 488960K, used 474250K [0x00000000c0000000, 0x00000000ddd80000, 0x00000000eab00000)
  object space 488960K, 96% used [0x00000000c0000000,0x00000000dcf228e8,0x00000000ddd80000)
 Metaspace       used 77462K, committed 78720K, reserved 1179648K
  class space    used 8082K, committed 8576K, reserved 1048576K
}
Event: 212.070 GC heap before
{Heap before GC invocations=238 (full 16):
 PSYoungGen      total 64512K, used 64103K [0x00000000eab00000, 0x00000000f0180000, 0x0000000100000000)
  eden space 47104K, 100% used [0x00000000eab00000,0x00000000ed900000,0x00000000ed900000)
  from space 17408K, 97% used [0x00000000ef080000,0x00000000f0119fc0,0x00000000f0180000)
  to   space 18432K, 0% used [0x00000000edd80000,0x00000000edd80000,0x00000000eef80000)
 ParOldGen       total 488960K, used 474250K [0x00000000c0000000, 0x00000000ddd80000, 0x00000000eab00000)
  object space 488960K, 96% used [0x00000000c0000000,0x00000000dcf228e8,0x00000000ddd80000)
 Metaspace       used 77800K, committed 79040K, reserved 1179648K
  class space    used 8123K, committed 8640K, reserved 1048576K
}
Event: 212.090 GC heap after
{Heap after GC invocations=238 (full 16):
 PSYoungGen      total 65536K, used 16711K [0x00000000eab00000, 0x00000000efc80000, 0x0000000100000000)
  eden space 48640K, 0% used [0x00000000eab00000,0x00000000eab00000,0x00000000eda80000)
  from space 16896K, 98% used [0x00000000edd80000,0x00000000eedd1f30,0x00000000eee00000)
  to   space 14848K, 0% used [0x00000000eee00000,0x00000000eee00000,0x00000000efc80000)
 ParOldGen       total 488960K, used 474258K [0x00000000c0000000, 0x00000000ddd80000, 0x00000000eab00000)
  object space 488960K, 96% used [0x00000000c0000000,0x00000000dcf248e8,0x00000000ddd80000)
 Metaspace       used 77800K, committed 79040K, reserved 1179648K
  class space    used 8123K, committed 8640K, reserved 1048576K
}
Event: 213.608 GC heap before
{Heap before GC invocations=239 (full 16):
 PSYoungGen      total 65536K, used 65351K [0x00000000eab00000, 0x00000000efc80000, 0x0000000100000000)
  eden space 48640K, 100% used [0x00000000eab00000,0x00000000eda80000,0x00000000eda80000)
  from space 16896K, 98% used [0x00000000edd80000,0x00000000eedd1f30,0x00000000eee00000)
  to   space 14848K, 0% used [0x00000000eee00000,0x00000000eee00000,0x00000000efc80000)
 ParOldGen       total 488960K, used 474258K [0x00000000c0000000, 0x00000000ddd80000, 0x00000000eab00000)
  object space 488960K, 96% used [0x00000000c0000000,0x00000000dcf248e8,0x00000000ddd80000)
 Metaspace       used 77816K, committed 79040K, reserved 1179648K
  class space    used 8123K, committed 8640K, reserved 1048576K
}
Event: 213.639 GC heap after
{Heap after GC invocations=239 (full 16):
 PSYoungGen      total 55808K, used 14824K [0x00000000eab00000, 0x00000000f1200000, 0x0000000100000000)
  eden space 40960K, 0% used [0x00000000eab00000,0x00000000eab00000,0x00000000ed300000)
  from space 14848K, 99% used [0x00000000eee00000,0x00000000efc7a290,0x00000000efc80000)
  to   space 27648K, 0% used [0x00000000ed300000,0x00000000ed300000,0x00000000eee00000)
 ParOldGen       total 488960K, used 485202K [0x00000000c0000000, 0x00000000ddd80000, 0x00000000eab00000)
  object space 488960K, 99% used [0x00000000c0000000,0x00000000dd9d4bd0,0x00000000ddd80000)
 Metaspace       used 77816K, committed 79040K, reserved 1179648K
  class space    used 8123K, committed 8640K, reserved 1048576K
}
Event: 213.639 GC heap before
{Heap before GC invocations=240 (full 17):
 PSYoungGen      total 55808K, used 14824K [0x00000000eab00000, 0x00000000f1200000, 0x0000000100000000)
  eden space 40960K, 0% used [0x00000000eab00000,0x00000000eab00000,0x00000000ed300000)
  from space 14848K, 99% used [0x00000000eee00000,0x00000000efc7a290,0x00000000efc80000)
  to   space 27648K, 0% used [0x00000000ed300000,0x00000000ed300000,0x00000000eee00000)
 ParOldGen       total 488960K, used 485202K [0x00000000c0000000, 0x00000000ddd80000, 0x00000000eab00000)
  object space 488960K, 99% used [0x00000000c0000000,0x00000000dd9d4bd0,0x00000000ddd80000)
 Metaspace       used 77816K, committed 79040K, reserved 1179648K
  class space    used 8123K, committed 8640K, reserved 1048576K
}

Dll operation events (9 events):
Event: 0.003 Loaded shared library /home/chaitanya/.vscode-server/extensions/redhat.java-1.21.0-linux-x64/jre/17.0.7-linux-x86_64/lib/libjava.so
Event: 0.298 Loaded shared library /home/chaitanya/.vscode-server/extensions/redhat.java-1.21.0-linux-x64/jre/17.0.7-linux-x86_64/lib/libzip.so
Event: 0.302 Loaded shared library /home/chaitanya/.vscode-server/extensions/redhat.java-1.21.0-linux-x64/jre/17.0.7-linux-x86_64/lib/libinstrument.so
Event: 0.315 Loaded shared library /home/chaitanya/.vscode-server/extensions/redhat.java-1.21.0-linux-x64/jre/17.0.7-linux-x86_64/lib/libnio.so
Event: 0.336 Loaded shared library /home/chaitanya/.vscode-server/extensions/redhat.java-1.21.0-linux-x64/jre/17.0.7-linux-x86_64/lib/libzip.so
Event: 0.364 Loaded shared library /home/chaitanya/.vscode-server/extensions/redhat.java-1.21.0-linux-x64/jre/17.0.7-linux-x86_64/lib/libjimage.so
Event: 0.459 Loaded shared library /home/chaitanya/.vscode-server/extensions/redhat.java-1.21.0-linux-x64/jre/17.0.7-linux-x86_64/lib/libverify.so
Event: 1.912 Loaded shared library /home/chaitanya/.vscode-server/extensions/redhat.java-1.21.0-linux-x64/jre/17.0.7-linux-x86_64/lib/libnet.so
Event: 2.391 Loaded shared library /home/chaitanya/.vscode-server/data/User/globalStorage/redhat.java/1.21.0/config_linux/org.eclipse.equinox.launcher/org.eclipse.equinox.launcher.gtk.linux.x86_64_1.2.700.v20221108-1024/eclipse_11801.so

Deoptimization events (20 events):
Event: 212.106 Thread 0x00007f02ac017370 DEOPT PACKING pc=0x00007f0341328d8c sp=0x00007f032c1da500
Event: 212.106 Thread 0x00007f02ac017370 DEOPT UNPACKING pc=0x00007f034058d399 sp=0x00007f032c1da4c0 mode 2
Event: 212.106 Thread 0x00007f02ac017370 Uncommon trap: trap_request=0xffffff45 fr.pc=0x00007f03410aa050 relative=0x00000000000005f0
Event: 212.106 Thread 0x00007f02ac017370 Uncommon trap: reason=unstable_if action=reinterpret pc=0x00007f03410aa050 method=org.eclipse.jdt.internal.compiler.util.SimpleSet.add(Ljava/lang/Object;)Ljava/lang/Object; @ 81 c2
Event: 212.106 Thread 0x00007f02ac017370 DEOPT PACKING pc=0x00007f03410aa050 sp=0x00007f032c1da400
Event: 212.106 Thread 0x00007f02ac017370 DEOPT UNPACKING pc=0x00007f034058d399 sp=0x00007f032c1da3d0 mode 2
Event: 212.107 Thread 0x00007f02ac017370 Uncommon trap: trap_request=0xffffff45 fr.pc=0x00007f03410ba180 relative=0x0000000000000540
Event: 212.107 Thread 0x00007f02ac017370 Uncommon trap: reason=unstable_if action=reinterpret pc=0x00007f03410ba180 method=org.eclipse.jdt.internal.core.index.Index.isMatch([C[CI)Z @ 1 c2
Event: 212.107 Thread 0x00007f02ac017370 DEOPT PACKING pc=0x00007f03410ba180 sp=0x00007f032c1da510
Event: 212.107 Thread 0x00007f02ac017370 DEOPT UNPACKING pc=0x00007f034058d399 sp=0x00007f032c1da4d8 mode 2
Event: 212.107 Thread 0x00007f02ac017370 Uncommon trap: trap_request=0xffffff45 fr.pc=0x00007f034132ad08 relative=0x0000000000000688
Event: 212.107 Thread 0x00007f02ac017370 Uncommon trap: reason=unstable_if action=reinterpret pc=0x00007f034132ad08 method=java.util.Optional.ifPresent(Ljava/util/function/Consumer;)V @ 4 c2
Event: 212.107 Thread 0x00007f02ac017370 DEOPT PACKING pc=0x00007f034132ad08 sp=0x00007f032c1da710
Event: 212.107 Thread 0x00007f02ac017370 DEOPT UNPACKING pc=0x00007f034058d399 sp=0x00007f032c1da698 mode 2
Event: 212.150 Thread 0x00007f0298072a60 Uncommon trap: trap_request=0xffffff45 fr.pc=0x00007f034145857c relative=0x0000000000001c1c
Event: 212.150 Thread 0x00007f0298072a60 Uncommon trap: reason=unstable_if action=reinterpret pc=0x00007f034145857c method=org.eclipse.jdt.internal.core.JavaModelManager.secondaryTypes(Lorg/eclipse/jdt/core/IJavaProject;ZLorg/eclipse/core/runtime/IProgressMonitor;)Ljava/util/Map; @ 102 c2
Event: 212.150 Thread 0x00007f0298072a60 DEOPT PACKING pc=0x00007f034145857c sp=0x00007f02f66ad800
Event: 212.150 Thread 0x00007f0298072a60 DEOPT UNPACKING pc=0x00007f034058d399 sp=0x00007f02f66ad5a0 mode 2
Event: 213.577 Thread 0x00007f0274000ff0 DEOPT PACKING pc=0x00007f033a3228e6 sp=0x00007f02f60ae240
Event: 213.577 Thread 0x00007f0274000ff0 DEOPT UNPACKING pc=0x00007f034058db2f sp=0x00007f02f60ad700 mode 0

Classes unloaded (12 events):
Event: 3.452 Thread 0x00007f03481d68e0 Unloading class 0x0000000100248400 'java/lang/invoke/LambdaForm$MH+0x0000000100248400'
Event: 3.452 Thread 0x00007f03481d68e0 Unloading class 0x0000000100248000 'java/lang/invoke/LambdaForm$MH+0x0000000100248000'
Event: 3.452 Thread 0x00007f03481d68e0 Unloading class 0x0000000100247c00 'java/lang/invoke/LambdaForm$MH+0x0000000100247c00'
Event: 3.452 Thread 0x00007f03481d68e0 Unloading class 0x0000000100247800 'java/lang/invoke/LambdaForm$MH+0x0000000100247800'
Event: 3.452 Thread 0x00007f03481d68e0 Unloading class 0x0000000100247400 'java/lang/invoke/LambdaForm$BMH+0x0000000100247400'
Event: 3.452 Thread 0x00007f03481d68e0 Unloading class 0x0000000100247000 'java/lang/invoke/LambdaForm$DMH+0x0000000100247000'
Event: 3.452 Thread 0x00007f03481d68e0 Unloading class 0x0000000100244000 'java/lang/invoke/LambdaForm$DMH+0x0000000100244000'
Event: 13.613 Thread 0x00007f03481d68e0 Unloading class 0x0000000100721400 'java/lang/invoke/LambdaForm$MH+0x0000000100721400'
Event: 13.613 Thread 0x00007f03481d68e0 Unloading class 0x0000000100720c00 'java/lang/invoke/LambdaForm$DMH+0x0000000100720c00'
Event: 13.613 Thread 0x00007f03481d68e0 Unloading class 0x000000010070c400 'java/lang/invoke/LambdaForm$DMH+0x000000010070c400'
Event: 13.613 Thread 0x00007f03481d68e0 Unloading class 0x0000000100704800 'java/lang/invoke/LambdaForm$DMH+0x0000000100704800'
Event: 13.613 Thread 0x00007f03481d68e0 Unloading class 0x0000000100704400 'java/lang/invoke/LambdaForm$DMH+0x0000000100704400'

Classes redefined (0 events):
No events

Internal exceptions (20 events):
Event: 23.786 Thread 0x00007f0298072a60 Exception <a 'java/lang/NoSuchMethodError'{0x00000000eb52fc80}: 'java.lang.Object java.lang.invoke.DirectMethodHandle$Holder.invokeStatic(java.lang.Object, int, java.lang.Object, java.lang.Object, java.lang.Object, java.lang.Object)'> (0x00000000eb52fc80) 
thrown [src/hotspot/share/interpreter/linkResolver.cpp, line 758]
Event: 23.824 Thread 0x00007f0298072a60 Exception <a 'java/lang/NoSuchMethodError'{0x00000000eb6b2f00}: 'int java.lang.invoke.DirectMethodHandle$Holder.invokeSpecialIFC(java.lang.Object, java.lang.Object, java.lang.Object, java.lang.Object)'> (0x00000000eb6b2f00) 
thrown [src/hotspot/share/interpreter/linkResolver.cpp, line 758]
Event: 65.902 Thread 0x00007f0298072a60 Exception <a 'java/lang/NoSuchMethodError'{0x00000000ebc9dd58}: 'java.lang.Object java.lang.invoke.DirectMethodHandle$Holder.invokeStaticInit(java.lang.Object, java.lang.Object, int)'> (0x00000000ebc9dd58) 
thrown [src/hotspot/share/interpreter/linkResolver.cpp, line 758]
Event: 65.904 Thread 0x00007f0298072a60 Exception <a 'java/lang/NoSuchMethodError'{0x00000000ebca3f10}: 'java.lang.Object java.lang.invoke.DirectMethodHandle$Holder.newInvokeSpecial(java.lang.Object, java.lang.Object, int)'> (0x00000000ebca3f10) 
thrown [src/hotspot/share/interpreter/linkResolver.cpp, line 758]
Event: 69.487 Thread 0x00007f027c000ff0 Implicit null exception at 0x00007f0340eb704c to 0x00007f0340eb70af
Event: 69.495 Thread 0x00007f028c003f00 Exception <a 'java/lang/NoSuchMethodError'{0x00000000ec127140}: 'java.lang.Object java.lang.invoke.DirectMethodHandle$Holder.invokeStatic(java.lang.Object, int, java.lang.Object)'> (0x00000000ec127140) 
thrown [src/hotspot/share/interpreter/linkResolver.cpp, line 758]
Event: 84.990 Thread 0x00007f027c000ff0 Exception <a 'java/io/FileNotFoundException'{0x00000000eb2cca08}> (0x00000000eb2cca08) 
thrown [src/hotspot/share/prims/jni.cpp, line 516]
Event: 112.760 Thread 0x00007f0298072a60 Implicit null exception at 0x00007f034125b720 to 0x00007f034125be30
Event: 112.760 Thread 0x00007f027c000ff0 Implicit null exception at 0x00007f034125b720 to 0x00007f034125be30
Event: 151.072 Thread 0x00007f02ac017370 Exception <a 'sun/nio/fs/UnixException'{0x00000000eaf99860}> (0x00000000eaf99860) 
thrown [src/hotspot/share/prims/jni.cpp, line 516]
Event: 152.648 Thread 0x00007f0274000ff0 Implicit null exception at 0x00007f03410e9424 to 0x00007f03410e9fb4
Event: 160.871 Thread 0x00007f02ac017370 Exception <a 'sun/nio/fs/UnixException'{0x00000000ecc65a50}> (0x00000000ecc65a50) 
thrown [src/hotspot/share/prims/jni.cpp, line 516]
Event: 189.944 Thread 0x00007f0298072a60 Implicit null exception at 0x00007f03413bebed to 0x00007f03413c0350
Event: 189.946 Thread 0x00007f0298072a60 Implicit null exception at 0x00007f0340d23476 to 0x00007f0340d23b54
Event: 189.989 Thread 0x00007f0298072a60 Exception <a 'java/lang/ClassCastException'{0x00000000ec1d16d8}> (0x00000000ec1d16d8) 
thrown [src/hotspot/share/runtime/sharedRuntime.cpp, line 628]
Event: 190.039 Thread 0x00007f0298072a60 Implicit null exception at 0x00007f0340d49e40 to 0x00007f0340d49ea8
Event: 211.750 Thread 0x00007f034892b7d0 Exception <a 'java/lang/NoSuchMethodError'{0x00000000ebe95e00}: 'java.lang.Object java.lang.invoke.DirectMethodHandle$Holder.invokeStatic(java.lang.Object, java.lang.Object, int, java.lang.Object)'> (0x00000000ebe95e00) 
thrown [src/hotspot/share/interpreter/linkResolver.cpp, line 758]
Event: 212.059 Thread 0x00007f02ac017370 Exception <a 'sun/nio/fs/UnixException'{0x00000000ed351028}> (0x00000000ed351028) 
thrown [src/hotspot/share/prims/jni.cpp, line 516]
Event: 212.107 Thread 0x00007f02ac017370 Implicit null exception at 0x00007f03410b9c52 to 0x00007f03410ba168
Event: 212.107 Thread 0x00007f02ac017370 Implicit null exception at 0x00007f034132a720 to 0x00007f034132acf8

VM Operations (20 events):
Event: 191.801 Executing VM operation: ParallelGCFailedAllocation done
Event: 192.801 Executing VM operation: Cleanup
Event: 192.802 Executing VM operation: Cleanup done
Event: 198.769 Executing VM operation: ParallelGCFailedAllocation
Event: 198.797 Executing VM operation: ParallelGCFailedAllocation done
Event: 199.797 Executing VM operation: Cleanup
Event: 199.798 Executing VM operation: Cleanup done
Event: 210.799 Executing VM operation: Cleanup
Event: 210.799 Executing VM operation: Cleanup done
Event: 211.536 Executing VM operation: ParallelGCFailedAllocation
Event: 211.560 Executing VM operation: ParallelGCFailedAllocation done
Event: 211.794 Executing VM operation: HandshakeAllThreads
Event: 211.795 Executing VM operation: HandshakeAllThreads done
Event: 212.070 Executing VM operation: ParallelGCFailedAllocation
Event: 212.090 Executing VM operation: ParallelGCFailedAllocation done
Event: 212.105 Executing VM operation: HandshakeAllThreads
Event: 212.105 Executing VM operation: HandshakeAllThreads done
Event: 213.106 Executing VM operation: Cleanup
Event: 213.106 Executing VM operation: Cleanup done
Event: 213.608 Executing VM operation: ParallelGCFailedAllocation

Events (20 events):
Event: 211.768 loading class org/xml/sax/SAXNotRecognizedException
Event: 211.768 loading class org/xml/sax/SAXNotRecognizedException done
Event: 211.768 loading class org/xml/sax/SAXNotSupportedException
Event: 211.768 loading class org/xml/sax/SAXNotSupportedException done
Event: 211.771 loading class com/sun/org/apache/xerces/internal/util/URI
Event: 211.772 loading class com/sun/org/apache/xerces/internal/util/URI done
Event: 211.774 loading class com/sun/org/apache/xerces/internal/xni/XNIException
Event: 211.774 loading class com/sun/org/apache/xerces/internal/xni/XNIException done
Event: 211.775 loading class com/sun/org/apache/xerces/internal/xni/parser/XMLParseException
Event: 211.775 loading class com/sun/org/apache/xerces/internal/xni/parser/XMLParseException done
Event: 212.112 Thread 0x00007f034821f960 flushing nmethod 0x00007f0339127410
Event: 212.122 Thread 0x00007f034821f960 flushing nmethod 0x00007f03399e9f90
Event: 212.124 Thread 0x00007f034821f960 flushing nmethod 0x00007f0339aec410
Event: 212.125 Thread 0x00007f034821f960 flushing nmethod 0x00007f0339bb0f10
Event: 212.125 Thread 0x00007f034821f960 flushing nmethod 0x00007f0339cd7a10
Event: 212.126 Thread 0x00007f034821f960 flushing nmethod 0x00007f0339d76190
Event: 212.126 Thread 0x00007f034821f960 flushing nmethod 0x00007f0339e2b190
Event: 212.126 Thread 0x00007f034821f960 flushing nmethod 0x00007f0339e33e90
Event: 212.128 Thread 0x00007f034821f960 flushing nmethod 0x00007f033a1cc910
Event: 213.558 Thread 0x00007f0308607190 Thread exited: 0x00007f0308607190


Dynamic libraries:
c0000000-ddd80000 rw-p 00000000 00:00 0 
ddd80000-eab00000 ---p 00000000 00:00 0 
eab00000-f1200000 rw-p 00000000 00:00 0 
f1200000-100000000 ---p 00000000 00:00 0 
100000000-100020000 rw-p 00000000 00:00 0 
100020000-100040000 rw-p 00000000 00:00 0 
100040000-1000c0000 rw-p 00000000 00:00 0 
1000c0000-1000e0000 rw-p 00000000 00:00 0 
1000e0000-100140000 rw-p 00000000 00:00 0 
100140000-1001c0000 rw-p 00000000 00:00 0 
1001c0000-100200000 rw-p 00000000 00:00 0 
100200000-1002c0000 rw-p 00000000 00:00 0 
1002c0000-100300000 rw-p 00000000 00:00 0 
100300000-100540000 rw-p 00000000 00:00 0 
100540000-100580000 rw-p 00000000 00:00 0 
100580000-1007e0000 rw-p 00000000 00:00 0 
1007e0000-100800000 ---p 00000000 00:00 0 
100800000-100890000 rw-p 00000000 00:00 0 
100890000-140000000 ---p 00000000 00:00 0 
557539cfb000-557539cfc000 r--p 00000000 08:20 132303                     /home/chaitanya/.vscode-server/extensions/redhat.java-1.21.0-linux-x64/jre/17.0.7-linux-x86_64/bin/java
557539cfc000-557539cfd000 r-xp 00001000 08:20 132303                     /home/chaitanya/.vscode-server/extensions/redhat.java-1.21.0-linux-x64/jre/17.0.7-linux-x86_64/bin/java
557539cfd000-557539cfe000 r--p 00002000 08:20 132303                     /home/chaitanya/.vscode-server/extensions/redhat.java-1.21.0-linux-x64/jre/17.0.7-linux-x86_64/bin/java
557539cfe000-557539cff000 r--p 00002000 08:20 132303                     /home/chaitanya/.vscode-server/extensions/redhat.java-1.21.0-linux-x64/jre/17.0.7-linux-x86_64/bin/java
557539cff000-557539d00000 rw-p 00003000 08:20 132303                     /home/chaitanya/.vscode-server/extensions/redhat.java-1.21.0-linux-x64/jre/17.0.7-linux-x86_64/bin/java
55753a4b2000-55753a4fa000 rw-p 00000000 00:00 0                          [heap]
7f0250000000-7f0250550000 rw-p 00000000 00:00 0 
7f0250550000-7f0254000000 ---p 00000000 00:00 0 
7f0254000000-7f0254021000 rw-p 00000000 00:00 0 
7f0254021000-7f0258000000 ---p 00000000 00:00 0 
7f0258000000-7f0258021000 rw-p 00000000 00:00 0 
7f0258021000-7f025c000000 ---p 00000000 00:00 0 
7f025c000000-7f025c021000 rw-p 00000000 00:00 0 
7f025c021000-7f0260000000 ---p 00000000 00:00 0 
7f0260000000-7f0260021000 rw-p 00000000 00:00 0 
7f0260021000-7f0264000000 ---p 00000000 00:00 0 
7f0264000000-7f0264021000 rw-p 00000000 00:00 0 
7f0264021000-7f0268000000 ---p 00000000 00:00 0 
7f0268000000-7f0268021000 rw-p 00000000 00:00 0 
7f0268021000-7f026c000000 ---p 00000000 00:00 0 
7f026c000000-7f026c09e000 rw-p 00000000 00:00 0 
7f026c09e000-7f0270000000 ---p 00000000 00:00 0 
7f0270000000-7f0270021000 rw-p 00000000 00:00 0 
7f0270021000-7f0274000000 ---p 00000000 00:00 0 
7f0274000000-7f027420d000 rw-p 00000000 00:00 0 
7f027420d000-7f0278000000 ---p 00000000 00:00 0 
7f0278000000-7f0278033000 rw-p 00000000 00:00 0 
7f0278033000-7f027c000000 ---p 00000000 00:00 0 
7f027c000000-7f027c025000 rw-p 00000000 00:00 0 
7f027c025000-7f0280000000 ---p 00000000 00:00 0 
7f02813ea000-7f0284000000 r--s 00000000 08:20 133437                     /home/chaitanya/.vscode-server/extensions/redhat.java-1.21.0-linux-x64/jre/17.0.7-linux-x86_64/lib/modules
7f0284000000-7f0284145000 rw-p 00000000 00:00 0 
7f0284145000-7f0288000000 ---p 00000000 00:00 0 
7f0288000000-7f0288021000 rw-p 00000000 00:00 0 
7f0288021000-7f028c000000 ---p 00000000 00:00 0 
7f028c000000-7f028c2d7000 rw-p 00000000 00:00 0 
7f028c2d7000-7f0290000000 ---p 00000000 00:00 0 
7f02905a7000-7f0298000000 r--s 00000000 08:20 18769                      /usr/lib/jvm/java-17-openjdk-amd64/lib/modules
7f0298000000-7f02982a7000 rw-p 00000000 00:00 0 
7f02982a7000-7f029c000000 ---p 00000000 00:00 0 
7f029c000000-7f029c0d5000 rw-p 00000000 00:00 0 
7f029c0d5000-7f02a0000000 ---p 00000000 00:00 0 
7f02a0000000-7f02a0021000 rw-p 00000000 00:00 0 
7f02a0021000-7f02a4000000 ---p 00000000 00:00 0 
7f02a4000000-7f02a4021000 rw-p 00000000 00:00 0 
7f02a4021000-7f02a8000000 ---p 00000000 00:00 0 
7f02a8000000-7f02a9253000 rw-p 00000000 00:00 0 
7f02a9253000-7f02ac000000 ---p 00000000 00:00 0 
7f02ac000000-7f02add1c000 rw-p 00000000 00:00 0 
7f02add1c000-7f02b0000000 ---p 00000000 00:00 0 
7f02b0000000-7f02b19b4000 rw-p 00000000 00:00 0 
7f02b19b4000-7f02b4000000 ---p 00000000 00:00 0 
7f02b4000000-7f02b4234000 rw-p 00000000 00:00 0 
7f02b4234000-7f02b8000000 ---p 00000000 00:00 0 
7f02b8000000-7f02b804d000 rw-p 00000000 00:00 0 
7f02b804d000-7f02bc000000 ---p 00000000 00:00 0 
7f02bc000000-7f02bc067000 rw-p 00000000 00:00 0 
7f02bc067000-7f02c0000000 ---p 00000000 00:00 0 
7f02c0000000-7f02c0021000 rw-p 00000000 00:00 0 
7f02c0021000-7f02c4000000 ---p 00000000 00:00 0 
7f02c4000000-7f02c4021000 rw-p 00000000 00:00 0 
7f02c4021000-7f02c8000000 ---p 00000000 00:00 0 
7f02c8000000-7f02c8021000 rw-p 00000000 00:00 0 
7f02c8021000-7f02cc000000 ---p 00000000 00:00 0 
7f02cc000000-7f02cca92000 rw-p 00000000 00:00 0 
7f02cca92000-7f02d0000000 ---p 00000000 00:00 0 
7f02d0000000-7f02d0021000 rw-p 00000000 00:00 0 
7f02d0021000-7f02d4000000 ---p 00000000 00:00 0 
7f02d4000000-7f02d4021000 rw-p 00000000 00:00 0 
7f02d4021000-7f02d8000000 ---p 00000000 00:00 0 
7f02d8000000-7f02d8021000 rw-p 00000000 00:00 0 
7f02d8021000-7f02dc000000 ---p 00000000 00:00 0 
7f02dc000000-7f02dc021000 rw-p 00000000 00:00 0 
7f02dc021000-7f02e0000000 ---p 00000000 00:00 0 
7f02e0000000-7f02e002f000 rw-p 00000000 00:00 0 
7f02e002f000-7f02e4000000 ---p 00000000 00:00 0 
7f02e4000000-7f02e4021000 rw-p 00000000 00:00 0 
7f02e4021000-7f02e8000000 ---p 00000000 00:00 0 
7f02e8000000-7f02ea19d000 rw-p 00000000 00:00 0 
7f02ea19d000-7f02ec000000 ---p 00000000 00:00 0 
7f02ec000000-7f02ec400000 rw-p 00000000 00:00 0 
7f02ec400000-7f02f0000000 ---p 00000000 00:00 0 
7f02f0000000-7f02f025b000 rw-p 00000000 00:00 0 
7f02f025b000-7f02f4000000 ---p 00000000 00:00 0 
7f02f58b1000-7f02f58b5000 ---p 00000000 00:00 0 
7f02f58b5000-7f02f59b1000 rw-p 00000000 00:00 0 
7f02f59b1000-7f02f59b5000 ---p 00000000 00:00 0 
7f02f59b5000-7f02f5ab1000 rw-p 00000000 00:00 0 
7f02f5ab1000-7f02f5ab5000 ---p 00000000 00:00 0 
7f02f5ab5000-7f02f5bb1000 rw-p 00000000 00:00 0 
7f02f5bb1000-7f02f5bb5000 ---p 00000000 00:00 0 
7f02f5bb5000-7f02f5cb1000 rw-p 00000000 00:00 0 
7f02f5cb1000-7f02f5cb5000 ---p 00000000 00:00 0 
7f02f5cb5000-7f02f5db1000 rw-p 00000000 00:00 0 
7f02f5db1000-7f02f5db5000 ---p 00000000 00:00 0 
7f02f5db5000-7f02f5eb1000 rw-p 00000000 00:00 0 
7f02f5eb1000-7f02f5eb5000 ---p 00000000 00:00 0 
7f02f5eb5000-7f02f5fb1000 rw-p 00000000 00:00 0 
7f02f5fb1000-7f02f5fb5000 ---p 00000000 00:00 0 
7f02f5fb5000-7f02f60b1000 rw-p 00000000 00:00 0 
7f02f60b1000-7f02f60b5000 ---p 00000000 00:00 0 
7f02f60b5000-7f02f61b1000 rw-p 00000000 00:00 0 
7f02f61b1000-7f02f61b5000 ---p 00000000 00:00 0 
7f02f61b5000-7f02f62b1000 rw-p 00000000 00:00 0 
7f02f62b1000-7f02f62b5000 ---p 00000000 00:00 0 
7f02f62b5000-7f02f63b1000 rw-p 00000000 00:00 0 
7f02f63b1000-7f02f63b5000 ---p 00000000 00:00 0 
7f02f63b5000-7f02f64b1000 rw-p 00000000 00:00 0 
7f02f64b1000-7f02f64b5000 ---p 00000000 00:00 0 
7f02f64b5000-7f02f65b1000 rw-p 00000000 00:00 0 
7f02f65b1000-7f02f65b5000 ---p 00000000 00:00 0 
7f02f65b5000-7f02f66b1000 rw-p 00000000 00:00 0 
7f02f66b1000-7f02f66b5000 ---p 00000000 00:00 0 
7f02f66b5000-7f02f67b1000 rw-p 00000000 00:00 0 
7f02f67b1000-7f02f67b5000 ---p 00000000 00:00 0 
7f02f67b5000-7f02f68b1000 rw-p 00000000 00:00 0 
7f02f68fe000-7f02f6902000 ---p 00000000 00:00 0 
7f02f6902000-7f02f69fe000 rw-p 00000000 00:00 0 
7f02f69fe000-7f02f6a02000 ---p 00000000 00:00 0 
7f02f6a02000-7f02f6afe000 rw-p 00000000 00:00 0 
7f02f6afe000-7f02f6b02000 ---p 00000000 00:00 0 
7f02f6b02000-7f02f6bfe000 rw-p 00000000 00:00 0 
7f02f6bfe000-7f02f6c02000 ---p 00000000 00:00 0 
7f02f6c02000-7f02f6cfe000 rw-p 00000000 00:00 0 
7f02f6cfe000-7f02f6d02000 ---p 00000000 00:00 0 
7f02f6d02000-7f02f6dfe000 rw-p 00000000 00:00 0 
7f02f6dfe000-7f02f6e02000 ---p 00000000 00:00 0 
7f02f6e02000-7f02f6efe000 rw-p 00000000 00:00 0 
7f02f6efe000-7f02f6f02000 ---p 00000000 00:00 0 
7f02f6f02000-7f02f6ffe000 rw-p 00000000 00:00 0 
7f02f6ffe000-7f02f7002000 ---p 00000000 00:00 0 
7f02f7002000-7f02f70fe000 rw-p 00000000 00:00 0 
7f02f70fe000-7f02f70ff000 ---p 00000000 00:00 0 
7f02f70ff000-7f02f7200000 rw-p 00000000 00:00 0 
7f02f7200000-7f02f7210000 r-xp 00000000 08:20 137850                     /home/chaitanya/.vscode-server/data/User/globalStorage/redhat.java/1.21.0/config_linux/org.eclipse.equinox.launcher/org.eclipse.equinox.launcher.gtk.linux.x86_64_1.2.700.v20221108-1024/eclipse_11801.so
7f02f7210000-7f02f740f000 ---p 00010000 08:20 137850                     /home/chaitanya/.vscode-server/data/User/globalStorage/redhat.java/1.21.0/config_linux/org.eclipse.equinox.launcher/org.eclipse.equinox.launcher.gtk.linux.x86_64_1.2.700.v20221108-1024/eclipse_11801.so
7f02f740f000-7f02f7410000 r--p 0000f000 08:20 137850                     /home/chaitanya/.vscode-server/data/User/globalStorage/redhat.java/1.21.0/config_linux/org.eclipse.equinox.launcher/org.eclipse.equinox.launcher.gtk.linux.x86_64_1.2.700.v20221108-1024/eclipse_11801.so
7f02f7410000-7f02f7411000 rw-p 00010000 08:20 137850                     /home/chaitanya/.vscode-server/data/User/globalStorage/redhat.java/1.21.0/config_linux/org.eclipse.equinox.launcher/org.eclipse.equinox.launcher.gtk.linux.x86_64_1.2.700.v20221108-1024/eclipse_11801.so
7f02f7411000-7f02f7412000 rw-p 00000000 00:00 0 
7f02f74f4000-7f02f74f8000 ---p 00000000 00:00 0 
7f02f74f8000-7f02f75f4000 rw-p 00000000 00:00 0 
7f02f75f4000-7f02f75f8000 ---p 00000000 00:00 0 
7f02f75f8000-7f02f76f4000 rw-p 00000000 00:00 0 
7f02f76f4000-7f02f76f8000 ---p 00000000 00:00 0 
7f02f76f8000-7f02f77f4000 rw-p 00000000 00:00 0 
7f02f77f4000-7f02f77f8000 ---p 00000000 00:00 0 
7f02f77f8000-7f02f78f4000 rw-p 00000000 00:00 0 
7f02f78f4000-7f02f78f5000 ---p 00000000 00:00 0 
7f02f78f5000-7f02f79f6000 rw-p 00000000 00:00 0 
7f02f79f6000-7f02f79f7000 ---p 00000000 00:00 0 
7f02f79f7000-7f02f7af8000 rw-p 00000000 00:00 0 
7f02f7af8000-7f02f7af9000 ---p 00000000 00:00 0 
7f02f7af9000-7f02f7bfa000 rw-p 00000000 00:00 0 
7f02f7bfa000-7f02f7bfb000 ---p 00000000 00:00 0 
7f02f7bfb000-7f02f7cfc000 rw-p 00000000 00:00 0 
7f02f7cfc000-7f02f7cfd000 ---p 00000000 00:00 0 
7f02f7cfd000-7f02f7dfe000 rw-p 00000000 00:00 0 
7f02f7dfe000-7f02f7dff000 ---p 00000000 00:00 0 
7f02f7dff000-7f02f7f00000 rw-p 00000000 00:00 0 
7f02f7f00000-7f02f7f04000 ---p 00000000 00:00 0 
7f02f7f04000-7f02f8000000 rw-p 00000000 00:00 0 
7f02f8000000-7f02f8021000 rw-p 00000000 00:00 0 
7f02f8021000-7f02fc000000 ---p 00000000 00:00 0 
7f02fc000000-7f02fd7f1000 rw-p 00000000 00:00 0 
7f02fd7f1000-7f0300000000 ---p 00000000 00:00 0 
7f0300000000-7f0300021000 rw-p 00000000 00:00 0 
7f0300021000-7f0304000000 ---p 00000000 00:00 0 
7f0304000000-7f0304021000 rw-p 00000000 00:00 0 
7f0304021000-7f0308000000 ---p 00000000 00:00 0 
7f0308000000-7f0308da3000 rw-p 00000000 00:00 0 
7f0308da3000-7f030c000000 ---p 00000000 00:00 0 
7f030c000000-7f030c0c1000 rw-p 00000000 00:00 0 
7f030c0c1000-7f0310000000 ---p 00000000 00:00 0 
7f0310000000-7f0310021000 rw-p 00000000 00:00 0 
7f0310021000-7f0314000000 ---p 00000000 00:00 0 
7f0314000000-7f03165d8000 rw-p 00000000 00:00 0 
7f03165d8000-7f0318000000 ---p 00000000 00:00 0 
7f0318000000-7f0318021000 rw-p 00000000 00:00 0 
7f0318021000-7f031c000000 ---p 00000000 00:00 0 
7f031c000000-7f031c021000 rw-p 00000000 00:00 0 
7f031c021000-7f0320000000 ---p 00000000 00:00 0 
7f0320000000-7f0320021000 rw-p 00000000 00:00 0 
7f0320021000-7f0324000000 ---p 00000000 00:00 0 
7f0324000000-7f0324021000 rw-p 00000000 00:00 0 
7f0324021000-7f0328000000 ---p 00000000 00:00 0 
7f0328000000-7f0328023000 rw-p 00000000 00:00 0 
7f0328023000-7f032c000000 ---p 00000000 00:00 0 
7f032c0b3000-7f032c0ba000 r--s 00000000 08:20 83206                      /usr/lib/x86_64-linux-gnu/gconv/gconv-modules.cache
7f032c0ba000-7f032c0be000 ---p 00000000 00:00 0 
7f032c0be000-7f032c0dc000 rw-p 00000000 00:00 0 
7f032c0dc000-7f032c0e0000 ---p 00000000 00:00 0 
7f032c0e0000-7f032c1dc000 rw-p 00000000 00:00 0 
7f032c1dc000-7f032c1dd000 ---p 00000000 00:00 0 
7f032c1dd000-7f032c2de000 rw-p 00000000 00:00 0 
7f032c2de000-7f032c2e2000 ---p 00000000 00:00 0 
7f032c2e2000-7f032c3de000 rw-p 00000000 00:00 0 
7f032c3de000-7f032c3e2000 r--p 00000000 08:20 133435                     /home/chaitanya/.vscode-server/extensions/redhat.java-1.21.0-linux-x64/jre/17.0.7-linux-x86_64/lib/libverify.so
7f032c3e2000-7f032c3e9000 r-xp 00004000 08:20 133435                     /home/chaitanya/.vscode-server/extensions/redhat.java-1.21.0-linux-x64/jre/17.0.7-linux-x86_64/lib/libverify.so
7f032c3e9000-7f032c3eb000 r--p 0000b000 08:20 133435                     /home/chaitanya/.vscode-server/extensions/redhat.java-1.21.0-linux-x64/jre/17.0.7-linux-x86_64/lib/libverify.so
7f032c3eb000-7f032c3ed000 r--p 0000c000 08:20 133435                     /home/chaitanya/.vscode-server/extensions/redhat.java-1.21.0-linux-x64/jre/17.0.7-linux-x86_64/lib/libverify.so
7f032c3ed000-7f032c3ee000 rw-p 0000e000 08:20 133435                     /home/chaitanya/.vscode-server/extensions/redhat.java-1.21.0-linux-x64/jre/17.0.7-linux-x86_64/lib/libverify.so
7f032c3ee000-7f032c3f2000 r--p 00000000 08:20 133425                     /home/chaitanya/.vscode-server/extensions/redhat.java-1.21.0-linux-x64/jre/17.0.7-linux-x86_64/lib/libnet.so
7f032c3f2000-7f032c400000 r-xp 00004000 08:20 133425                     /home/chaitanya/.vscode-server/extensions/redhat.java-1.21.0-linux-x64/jre/17.0.7-linux-x86_64/lib/libnet.so
7f032c400000-7f032c404000 r--p 00012000 08:20 133425                     /home/chaitanya/.vscode-server/extensions/redhat.java-1.21.0-linux-x64/jre/17.0.7-linux-x86_64/lib/libnet.so
7f032c404000-7f032c405000 r--p 00015000 08:20 133425                     /home/chaitanya/.vscode-server/extensions/redhat.java-1.21.0-linux-x64/jre/17.0.7-linux-x86_64/lib/libnet.so
7f032c405000-7f032c406000 rw-p 00016000 08:20 133425                     /home/chaitanya/.vscode-server/extensions/redhat.java-1.21.0-linux-x64/jre/17.0.7-linux-x86_64/lib/libnet.so
7f032c406000-7f032c40a000 ---p 00000000 00:00 0 
7f032c40a000-7f032c506000 rw-p 00000000 00:00 0 
7f032c506000-7f032c50a000 ---p 00000000 00:00 0 
7f032c50a000-7f032c606000 rw-p 00000000 00:00 0 
7f032c606000-7f032c60a000 ---p 00000000 00:00 0 
7f032c60a000-7f032c706000 rw-p 00000000 00:00 0 
7f032c706000-7f032c70a000 ---p 00000000 00:00 0 
7f032c70a000-7f032c806000 rw-p 00000000 00:00 0 
7f032c806000-7f032c80a000 ---p 00000000 00:00 0 
7f032c80a000-7f032c906000 rw-p 00000000 00:00 0 
7f032c906000-7f032c90a000 ---p 00000000 00:00 0 
7f032c90a000-7f032ca06000 rw-p 00000000 00:00 0 
7f032ca06000-7f032ca0a000 ---p 00000000 00:00 0 
7f032ca0a000-7f032cb06000 rw-p 00000000 00:00 0 
7f032cb06000-7f032cdef000 r--p 00000000 08:20 1035                       /usr/lib/locale/locale-archive
7f032cdef000-7f032cdf3000 ---p 00000000 00:00 0 
7f032cdf3000-7f032ceef000 rw-p 00000000 00:00 0 
7f032ceef000-7f032cef3000 ---p 00000000 00:00 0 
7f032cef3000-7f032cfef000 rw-p 00000000 00:00 0 
7f032cfef000-7f032cff0000 ---p 00000000 00:00 0 
7f032cff0000-7f032e400000 rw-p 00000000 00:00 0 
7f032e400000-7f032e480000 rw-p 00000000 00:00 0 
7f032e480000-7f032e500000 rw-p 00000000 00:00 0 
7f032e500000-7f032e800000 rw-p 00000000 00:00 0 
7f032e800000-7f032e8c0000 rw-p 00000000 00:00 0 
7f032e8c0000-7f032e900000 rw-p 00000000 00:00 0 
7f032e900000-7f032eb00000 rw-p 00000000 00:00 0 
7f032eb00000-7f032ec00000 rw-p 00000000 00:00 0 
7f032ec00000-7f032eda0000 rw-p 00000000 00:00 0 
7f032eda0000-7f032edc0000 rw-p 00000000 00:00 0 
7f032edc0000-7f032ef00000 rw-p 00000000 00:00 0 
7f032ef00000-7f032f000000 rw-p 00000000 00:00 0 
7f032f000000-7f032f300000 rw-p 00000000 00:00 0 
7f032f300000-7f032f400000 rw-p 00000000 00:00 0 
7f032f400000-7f032f600000 rw-p 00000000 00:00 0 
7f032f600000-7f032f700000 rw-p 00000000 00:00 0 
7f032f700000-7f032f800000 rw-p 00000000 00:00 0 
7f032f800000-7f032fe00000 rw-p 00000000 00:00 0 
7f032fe00000-7f032ff00000 rw-p 00000000 00:00 0 
7f032ff00000-7f0330000000 rw-p 00000000 00:00 0 
7f0330000000-7f0330b00000 rw-p 00000000 00:00 0 
7f0330b00000-7f0330c00000 rw-p 00000000 00:00 0 
7f0330c00000-7f0331c80000 rw-p 00000000 00:00 0 
7f0331c80000-7f0331d00000 rw-p 00000000 00:00 0 
7f0331d00000-7f0331f00000 rw-p 00000000 00:00 0 
7f0331f00000-7f0331f70000 rw-p 00000000 00:00 0 
7f0331f70000-7f0332000000 ---p 00000000 00:00 0 
7f0332000000-7f0334000000 rw-p 00000000 00:00 0 
7f0334000000-7f0334021000 rw-p 00000000 00:00 0 
7f0334021000-7f0338000000 ---p 00000000 00:00 0 
7f0338006000-7f033800d000 r--p 00000000 08:20 133426                     /home/chaitanya/.vscode-server/extensions/redhat.java-1.21.0-linux-x64/jre/17.0.7-linux-x86_64/lib/libnio.so
7f033800d000-7f0338016000 r-xp 00007000 08:20 133426                     /home/chaitanya/.vscode-server/extensions/redhat.java-1.21.0-linux-x64/jre/17.0.7-linux-x86_64/lib/libnio.so
7f0338016000-7f033801a000 r--p 00010000 08:20 133426                     /home/chaitanya/.vscode-server/extensions/redhat.java-1.21.0-linux-x64/jre/17.0.7-linux-x86_64/lib/libnio.so
7f033801a000-7f033801b000 ---p 00014000 08:20 133426                     /home/chaitanya/.vscode-server/extensions/redhat.java-1.21.0-linux-x64/jre/17.0.7-linux-x86_64/lib/libnio.so
7f033801b000-7f033801c000 r--p 00014000 08:20 133426                     /home/chaitanya/.vscode-server/extensions/redhat.java-1.21.0-linux-x64/jre/17.0.7-linux-x86_64/lib/libnio.so
7f033801c000-7f033801d000 rw-p 00015000 08:20 133426                     /home/chaitanya/.vscode-server/extensions/redhat.java-1.21.0-linux-x64/jre/17.0.7-linux-x86_64/lib/libnio.so
7f033801d000-7f0338f99000 rw-p 00000000 00:00 0 
7f0338f99000-7f0339000000 ---p 00000000 00:00 0 
7f0339000000-7f033a650000 rwxp 00000000 00:00 0 
7f033a650000-7f0340537000 ---p 00000000 00:00 0 
7f0340537000-7f03407a7000 rwxp 00000000 00:00 0 
7f03407a7000-7f0340ac9000 ---p 00000000 00:00 0 
7f0340ac9000-7f0341479000 rwxp 00000000 00:00 0 
7f0341479000-7f0348000000 ---p 00000000 00:00 0 
7f0348000000-7f0348930000 rw-p 00000000 00:00 0 
7f0348930000-7f034c000000 ---p 00000000 00:00 0 
7f034c004000-7f034c006000 r--p 00000000 08:20 133436                     /home/chaitanya/.vscode-server/extensions/redhat.java-1.21.0-linux-x64/jre/17.0.7-linux-x86_64/lib/libzip.so
7f034c006000-7f034c00a000 r-xp 00002000 08:20 133436                     /home/chaitanya/.vscode-server/extensions/redhat.java-1.21.0-linux-x64/jre/17.0.7-linux-x86_64/lib/libzip.so
7f034c00a000-7f034c00c000 r--p 00006000 08:20 133436                     /home/chaitanya/.vscode-server/extensions/redhat.java-1.21.0-linux-x64/jre/17.0.7-linux-x86_64/lib/libzip.so
7f034c00c000-7f034c00d000 r--p 00007000 08:20 133436                     /home/chaitanya/.vscode-server/extensions/redhat.java-1.21.0-linux-x64/jre/17.0.7-linux-x86_64/lib/libzip.so
7f034c00d000-7f034c00e000 rw-p 00008000 08:20 133436                     /home/chaitanya/.vscode-server/extensions/redhat.java-1.21.0-linux-x64/jre/17.0.7-linux-x86_64/lib/libzip.so
7f034c00e000-7f034c0be000 rw-p 00000000 00:00 0 
7f034c0be000-7f034c0bf000 ---p 00000000 00:00 0 
7f034c0bf000-7f034c2af000 rw-p 00000000 00:00 0 
7f034c2af000-7f034c315000 ---p 00000000 00:00 0 
7f034c315000-7f034c349000 rw-p 00000000 00:00 0 
7f034c349000-7f034c3c0000 ---p 00000000 00:00 0 
7f034c3c0000-7f034c3d5000 rw-p 00000000 00:00 0 
7f034c3d5000-7f034c4ac000 ---p 00000000 00:00 0 
7f034c4ac000-7f034c4d9000 rw-p 00000000 00:00 0 
7f034c4d9000-7f034c597000 ---p 00000000 00:00 0 
7f034c597000-7f034c59c000 rw-p 00000000 00:00 0 
7f034c59c000-7f034c5a3000 ---p 00000000 00:00 0 
7f034c5a3000-7f034c5b0000 r--p 00000000 08:20 133409                     /home/chaitanya/.vscode-server/extensions/redhat.java-1.21.0-linux-x64/jre/17.0.7-linux-x86_64/lib/libjava.so
7f034c5b0000-7f034c5c2000 r-xp 0000d000 08:20 133409                     /home/chaitanya/.vscode-server/extensions/redhat.java-1.21.0-linux-x64/jre/17.0.7-linux-x86_64/lib/libjava.so
7f034c5c2000-7f034c5c8000 r--p 0001f000 08:20 133409                     /home/chaitanya/.vscode-server/extensions/redhat.java-1.21.0-linux-x64/jre/17.0.7-linux-x86_64/lib/libjava.so
7f034c5c8000-7f034c5c9000 ---p 00025000 08:20 133409                     /home/chaitanya/.vscode-server/extensions/redhat.java-1.21.0-linux-x64/jre/17.0.7-linux-x86_64/lib/libjava.so
7f034c5c9000-7f034c5ca000 r--p 00025000 08:20 133409                     /home/chaitanya/.vscode-server/extensions/redhat.java-1.21.0-linux-x64/jre/17.0.7-linux-x86_64/lib/libjava.so
7f034c5ca000-7f034c5cb000 rw-p 00026000 08:20 133409                     /home/chaitanya/.vscode-server/extensions/redhat.java-1.21.0-linux-x64/jre/17.0.7-linux-x86_64/lib/libjava.so
7f034c5cb000-7f034c5cc000 rw-p 00000000 00:00 0 
7f034c5cc000-7f034c5ce000 r--p 00000000 08:20 133395                     /home/chaitanya/.vscode-server/extensions/redhat.java-1.21.0-linux-x64/jre/17.0.7-linux-x86_64/lib/libinstrument.so
7f034c5ce000-7f034c5d4000 r-xp 00002000 08:20 133395                     /home/chaitanya/.vscode-server/extensions/redhat.java-1.21.0-linux-x64/jre/17.0.7-linux-x86_64/lib/libinstrument.so
7f034c5d4000-7f034c5d7000 r--p 00008000 08:20 133395                     /home/chaitanya/.vscode-server/extensions/redhat.java-1.21.0-linux-x64/jre/17.0.7-linux-x86_64/lib/libinstrument.so
7f034c5d7000-7f034c5d8000 r--p 0000a000 08:20 133395                     /home/chaitanya/.vscode-server/extensions/redhat.java-1.21.0-linux-x64/jre/17.0.7-linux-x86_64/lib/libinstrument.so
7f034c5d8000-7f034c5d9000 rw-p 0000b000 08:20 133395                     /home/chaitanya/.vscode-server/extensions/redhat.java-1.21.0-linux-x64/jre/17.0.7-linux-x86_64/lib/libinstrument.so
7f034c5d9000-7f034f1ef000 r--s 00000000 08:20 133437                     /home/chaitanya/.vscode-server/extensions/redhat.java-1.21.0-linux-x64/jre/17.0.7-linux-x86_64/lib/modules
7f034f1ef000-7f034f1f3000 r--p 00000000 08:20 133416                     /home/chaitanya/.vscode-server/extensions/redhat.java-1.21.0-linux-x64/jre/17.0.7-linux-x86_64/lib/libjimage.so
7f034f1f3000-7f034f206000 r-xp 00004000 08:20 133416                     /home/chaitanya/.vscode-server/extensions/redhat.java-1.21.0-linux-x64/jre/17.0.7-linux-x86_64/lib/libjimage.so
7f034f206000-7f034f20c000 r--p 00017000 08:20 133416                     /home/chaitanya/.vscode-server/extensions/redhat.java-1.21.0-linux-x64/jre/17.0.7-linux-x86_64/lib/libjimage.so
7f034f20c000-7f034f20e000 r--p 0001c000 08:20 133416                     /home/chaitanya/.vscode-server/extensions/redhat.java-1.21.0-linux-x64/jre/17.0.7-linux-x86_64/lib/libjimage.so
7f034f20e000-7f034f20f000 rw-p 0001e000 08:20 133416                     /home/chaitanya/.vscode-server/extensions/redhat.java-1.21.0-linux-x64/jre/17.0.7-linux-x86_64/lib/libjimage.so
7f034f20f000-7f034f213000 ---p 00000000 00:00 0 
7f034f213000-7f034f30f000 rw-p 00000000 00:00 0 
7f034f30f000-7f034f31f000 r--p 00000000 08:20 21150                      /usr/lib/x86_64-linux-gnu/libm.so.6
7f034f31f000-7f034f392000 r-xp 00010000 08:20 21150                      /usr/lib/x86_64-linux-gnu/libm.so.6
7f034f392000-7f034f3ec000 r--p 00083000 08:20 21150                      /usr/lib/x86_64-linux-gnu/libm.so.6
7f034f3ec000-7f034f3ed000 r--p 000dc000 08:20 21150                      /usr/lib/x86_64-linux-gnu/libm.so.6
7f034f3ed000-7f034f3ee000 rw-p 000dd000 08:20 21150                      /usr/lib/x86_64-linux-gnu/libm.so.6
7f034f3ee000-7f034f3ef000 r--p 00000000 08:20 68810                      /usr/lib/x86_64-linux-gnu/librt.so.1
7f034f3ef000-7f034f3f0000 r-xp 00001000 08:20 68810                      /usr/lib/x86_64-linux-gnu/librt.so.1
7f034f3f0000-7f034f3f1000 r--p 00002000 08:20 68810                      /usr/lib/x86_64-linux-gnu/librt.so.1
7f034f3f1000-7f034f3f2000 r--p 00002000 08:20 68810                      /usr/lib/x86_64-linux-gnu/librt.so.1
7f034f3f2000-7f034f3f3000 rw-p 00003000 08:20 68810                      /usr/lib/x86_64-linux-gnu/librt.so.1
7f034f3f3000-7f034f645000 r--p 00000000 08:20 133497                     /home/chaitanya/.vscode-server/extensions/redhat.java-1.21.0-linux-x64/jre/17.0.7-linux-x86_64/lib/server/libjvm.so
7f034f645000-7f0350365000 r-xp 00252000 08:20 133497                     /home/chaitanya/.vscode-server/extensions/redhat.java-1.21.0-linux-x64/jre/17.0.7-linux-x86_64/lib/server/libjvm.so
7f0350365000-7f03505f1000 r--p 00f72000 08:20 133497                     /home/chaitanya/.vscode-server/extensions/redhat.java-1.21.0-linux-x64/jre/17.0.7-linux-x86_64/lib/server/libjvm.so
7f03505f1000-7f03505f2000 ---p 011fe000 08:20 133497                     /home/chaitanya/.vscode-server/extensions/redhat.java-1.21.0-linux-x64/jre/17.0.7-linux-x86_64/lib/server/libjvm.so
7f03505f2000-7f03506ab000 r--p 011fe000 08:20 133497                     /home/chaitanya/.vscode-server/extensions/redhat.java-1.21.0-linux-x64/jre/17.0.7-linux-x86_64/lib/server/libjvm.so
7f03506ab000-7f03506e0000 rw-p 012b7000 08:20 133497                     /home/chaitanya/.vscode-server/extensions/redhat.java-1.21.0-linux-x64/jre/17.0.7-linux-x86_64/lib/server/libjvm.so
7f03506e0000-7f035073e000 rw-p 00000000 00:00 0 
7f035073e000-7f0350764000 r--p 00000000 08:20 21000                      /usr/lib/x86_64-linux-gnu/libc.so.6
7f0350764000-7f03508b9000 r-xp 00026000 08:20 21000                      /usr/lib/x86_64-linux-gnu/libc.so.6
7f03508b9000-7f035090c000 r--p 0017b000 08:20 21000                      /usr/lib/x86_64-linux-gnu/libc.so.6
7f035090c000-7f0350910000 r--p 001ce000 08:20 21000                      /usr/lib/x86_64-linux-gnu/libc.so.6
7f0350910000-7f0350912000 rw-p 001d2000 08:20 21000                      /usr/lib/x86_64-linux-gnu/libc.so.6
7f0350912000-7f035091f000 rw-p 00000000 00:00 0 
7f035091f000-7f0350920000 r--p 00000000 08:20 21149                      /usr/lib/x86_64-linux-gnu/libdl.so.2
7f0350920000-7f0350921000 r-xp 00001000 08:20 21149                      /usr/lib/x86_64-linux-gnu/libdl.so.2
7f0350921000-7f0350922000 r--p 00002000 08:20 21149                      /usr/lib/x86_64-linux-gnu/libdl.so.2
7f0350922000-7f0350923000 r--p 00002000 08:20 21149                      /usr/lib/x86_64-linux-gnu/libdl.so.2
7f0350923000-7f0350924000 rw-p 00003000 08:20 21149                      /usr/lib/x86_64-linux-gnu/libdl.so.2
7f0350924000-7f0350925000 r--p 00000000 08:20 24217                      /usr/lib/x86_64-linux-gnu/libpthread.so.0
7f0350925000-7f0350926000 r-xp 00001000 08:20 24217                      /usr/lib/x86_64-linux-gnu/libpthread.so.0
7f0350926000-7f0350927000 r--p 00002000 08:20 24217                      /usr/lib/x86_64-linux-gnu/libpthread.so.0
7f0350927000-7f0350928000 r--p 00002000 08:20 24217                      /usr/lib/x86_64-linux-gnu/libpthread.so.0
7f0350928000-7f0350929000 rw-p 00003000 08:20 24217                      /usr/lib/x86_64-linux-gnu/libpthread.so.0
7f0350929000-7f035092c000 r--p 00000000 08:20 133417                     /home/chaitanya/.vscode-server/extensions/redhat.java-1.21.0-linux-x64/jre/17.0.7-linux-x86_64/lib/libjli.so
7f035092c000-7f0350936000 r-xp 00003000 08:20 133417                     /home/chaitanya/.vscode-server/extensions/redhat.java-1.21.0-linux-x64/jre/17.0.7-linux-x86_64/lib/libjli.so
7f0350936000-7f0350939000 r--p 0000d000 08:20 133417                     /home/chaitanya/.vscode-server/extensions/redhat.java-1.21.0-linux-x64/jre/17.0.7-linux-x86_64/lib/libjli.so
7f0350939000-7f035093a000 ---p 00010000 08:20 133417                     /home/chaitanya/.vscode-server/extensions/redhat.java-1.21.0-linux-x64/jre/17.0.7-linux-x86_64/lib/libjli.so
7f035093a000-7f035093b000 r--p 00010000 08:20 133417                     /home/chaitanya/.vscode-server/extensions/redhat.java-1.21.0-linux-x64/jre/17.0.7-linux-x86_64/lib/libjli.so
7f035093b000-7f035093c000 rw-p 00011000 08:20 133417                     /home/chaitanya/.vscode-server/extensions/redhat.java-1.21.0-linux-x64/jre/17.0.7-linux-x86_64/lib/libjli.so
7f035093c000-7f035093f000 r--p 00000000 08:20 21769                      /usr/lib/x86_64-linux-gnu/libz.so.1.2.13
7f035093f000-7f0350952000 r-xp 00003000 08:20 21769                      /usr/lib/x86_64-linux-gnu/libz.so.1.2.13
7f0350952000-7f0350959000 r--p 00016000 08:20 21769                      /usr/lib/x86_64-linux-gnu/libz.so.1.2.13
7f0350959000-7f035095a000 r--p 0001c000 08:20 21769                      /usr/lib/x86_64-linux-gnu/libz.so.1.2.13
7f035095a000-7f035095b000 rw-p 0001d000 08:20 21769                      /usr/lib/x86_64-linux-gnu/libz.so.1.2.13
7f035095b000-7f0350963000 rw-s 00000000 08:20 141687                     /tmp/hsperfdata_chaitanya/171342
7f0350963000-7f0350964000 ---p 00000000 00:00 0 
7f0350964000-7f0350965000 r--p 00000000 00:00 0 
7f0350965000-7f0350966000 ---p 00000000 00:00 0 
7f0350966000-7f0350968000 rw-p 00000000 00:00 0 
7f0350968000-7f0350969000 r--p 00000000 08:20 20997                      /usr/lib/x86_64-linux-gnu/ld-linux-x86-64.so.2
7f0350969000-7f035098e000 r-xp 00001000 08:20 20997                      /usr/lib/x86_64-linux-gnu/ld-linux-x86-64.so.2
7f035098e000-7f0350998000 r--p 00026000 08:20 20997                      /usr/lib/x86_64-linux-gnu/ld-linux-x86-64.so.2
7f0350998000-7f035099a000 r--p 00030000 08:20 20997                      /usr/lib/x86_64-linux-gnu/ld-linux-x86-64.so.2
7f035099a000-7f035099c000 rw-p 00032000 08:20 20997                      /usr/lib/x86_64-linux-gnu/ld-linux-x86-64.so.2
7ffeecb25000-7ffeecb47000 rw-p 00000000 00:00 0                          [stack]
7ffeecb8d000-7ffeecb91000 r--p 00000000 00:00 0                          [vvar]
7ffeecb91000-7ffeecb93000 r-xp 00000000 00:00 0                          [vdso]


VM Arguments:
jvm_args: --add-modules=ALL-SYSTEM --add-opens=java.base/java.util=ALL-UNNAMED --add-opens=java.base/java.lang=ALL-UNNAMED --add-opens=java.base/sun.nio.fs=ALL-UNNAMED -Declipse.application=org.eclipse.jdt.ls.core.id1 -Dosgi.bundles.defaultStartLevel=4 -Declipse.product=org.eclipse.jdt.ls.core.product -Djava.import.generatesMetadataFilesAtProjectRoot=false -Dfile.encoding=utf8 -XX:+UseParallelGC -XX:GCTimeRatio=4 -XX:AdaptiveSizePolicyWeight=90 -Dsun.zip.disableMemoryMapping=true -Xmx1G -Xms100m -Xlog:disable -javaagent:/home/chaitanya/.vscode-server/extensions/redhat.java-1.21.0-linux-x64/lombok/lombok-1.18.28.jar -XX:+HeapDumpOnOutOfMemoryError -XX:HeapDumpPath=/home/chaitanya/.vscode-server/data/User/workspaceStorage/d5a14874ed8b11c39e18116b766057e4/redhat.java -Daether.dependencyCollector.impl=bf 
java_command: /home/chaitanya/.vscode-server/extensions/redhat.java-1.21.0-linux-x64/server/plugins/org.eclipse.equinox.launcher_1.6.500.v20230717-2134.jar -configuration /home/chaitanya/.vscode-server/data/User/globalStorage/redhat.java/1.21.0/config_linux -data /home/chaitanya/.vscode-server/data/User/workspaceStorage/d5a14874ed8b11c39e18116b766057e4/redhat.java/jdt_ws
java_class_path (initial): /home/chaitanya/.vscode-server/extensions/redhat.java-1.21.0-linux-x64/server/plugins/org.eclipse.equinox.launcher_1.6.500.v20230717-2134.jar
Launcher Type: SUN_STANDARD

[Global flags]
    uintx AdaptiveSizePolicyWeight                 = 90                                        {product} {command line}
     intx CICompilerCount                          = 4                                         {product} {ergonomic}
    uintx GCTimeRatio                              = 4                                         {product} {command line}
     bool HeapDumpOnOutOfMemoryError               = true                                   {manageable} {command line}
    ccstr HeapDumpPath                             = /home/chaitanya/.vscode-server/data/User/workspaceStorage/d5a14874ed8b11c39e18116b766057e4/redhat.java         {manageable} {command line}
   size_t InitialHeapSize                          = 104857600                                 {product} {command line}
   size_t MaxHeapSize                              = 1073741824                                {product} {command line}
   size_t MaxNewSize                               = 357564416                                 {product} {ergonomic}
   size_t MinHeapDeltaBytes                        = 524288                                    {product} {ergonomic}
   size_t MinHeapSize                              = 104857600                                 {product} {command line}
   size_t NewSize                                  = 34603008                                  {product} {ergonomic}
    uintx NonNMethodCodeHeapSize                   = 5839372                                {pd product} {ergonomic}
    uintx NonProfiledCodeHeapSize                  = 122909434                              {pd product} {ergonomic}
   size_t OldSize                                  = 70254592                                  {product} {ergonomic}
    uintx ProfiledCodeHeapSize                     = 122909434                              {pd product} {ergonomic}
    uintx ReservedCodeCacheSize                    = 251658240                              {pd product} {ergonomic}
     bool SegmentedCodeCache                       = true                                      {product} {ergonomic}
   size_t SoftMaxHeapSize                          = 1073741824                             {manageable} {ergonomic}
     bool UseCompressedClassPointers               = true                           {product lp64_product} {ergonomic}
     bool UseCompressedOops                        = true                           {product lp64_product} {ergonomic}
     bool UseParallelGC                            = true                                      {product} {command line}

Logging:
Log output configuration:
 #0: stdout all=off uptime,level,tags
 #1: stderr all=off uptime,level,tags

Environment Variables:
PATH=/home/chaitanya/.vscode-server/bin/6c3e3dba23e8fadc360aed75ce363ba185c49794/bin/remote-cli:/usr/local/sbin:/usr/local/bin:/usr/sbin:/usr/bin:/sbin:/bin:/usr/games:/usr/local/games:/usr/lib/wsl/lib:/mnt/c/Program Files (x86)/Common Files/Oracle/Java/javapath:/mnt/c/Windows/system32:/mnt/c/Windows:/mnt/c/Windows/System32/Wbem:/mnt/c/Windows/System32/WindowsPowerShell/v1.0/:/mnt/c/Windows/System32/OpenSSH/:/mnt/c/Users/saisrikrishna.j/AppData/Local/Microsoft/WindowsApps:/mnt/c/Users/saisrikrishna.j/AppData/Local/Programs/Microsoft VS Code/bin
SHELL=/bin/bash
DISPLAY=:0
HOSTTYPE=x86_64
LANG=en_US.UTF-8
TERM=xterm-256color

Active Locale:
LC_ALL=en_US.UTF-8
LC_COLLATE=en_US.UTF-8
LC_CTYPE=en_US.UTF-8
LC_MESSAGES=en_US.UTF-8
LC_MONETARY=en_US.UTF-8
LC_NUMERIC=en_US.UTF-8
LC_TIME=en_US.UTF-8

Signal Handlers:
   SIGSEGV: crash_handler in libjvm.so, mask=11100100010111111101111111111110, flags=SA_RESTART|SA_SIGINFO, unblocked
    SIGBUS: crash_handler in libjvm.so, mask=11100100010111111101111111111110, flags=SA_RESTART|SA_SIGINFO, unblocked
    SIGFPE: crash_handler in libjvm.so, mask=11100100010111111101111111111110, flags=SA_RESTART|SA_SIGINFO, unblocked
   SIGPIPE: javaSignalHandler in libjvm.so, mask=11100100010111111101111111111110, flags=SA_RESTART|SA_SIGINFO, blocked
   SIGXFSZ: javaSignalHandler in libjvm.so, mask=11100100010111111101111111111110, flags=SA_RESTART|SA_SIGINFO, blocked
    SIGILL: crash_handler in libjvm.so, mask=11100100010111111101111111111110, flags=SA_RESTART|SA_SIGINFO, unblocked
   SIGUSR2: SR_handler in libjvm.so, mask=00000000000000000000000000000000, flags=SA_RESTART|SA_SIGINFO, blocked
    SIGHUP: UserHandler in libjvm.so, mask=11100100010111111101111111111110, flags=SA_RESTART|SA_SIGINFO, blocked
    SIGINT: UserHandler in libjvm.so, mask=11100100010111111101111111111110, flags=SA_RESTART|SA_SIGINFO, blocked
   SIGTERM: UserHandler in libjvm.so, mask=11100100010111111101111111111110, flags=SA_RESTART|SA_SIGINFO, blocked
   SIGQUIT: UserHandler in libjvm.so, mask=11100100010111111101111111111110, flags=SA_RESTART|SA_SIGINFO, blocked
   SIGTRAP: crash_handler in libjvm.so, mask=11100100010111111101111111111110, flags=SA_RESTART|SA_SIGINFO, unblocked


---------------  S Y S T E M  ---------------

OS:
PRETTY_NAME="Debian GNU/Linux 12 (bookworm)"
NAME="Debian GNU/Linux"
VERSION_ID="12"
VERSION="12 (bookworm)"
VERSION_CODENAME=bookworm
ID=debian
HOME_URL="https://www.debian.org/"
SUPPORT_URL="https://www.debian.org/support"
BUG_REPORT_URL="https://bugs.debian.org/"
uname: Linux 5.15.90.1-microsoft-standard-WSL2 #1 SMP Fri Jan 27 02:56:13 UTC 2023 x86_64
OS uptime: 0 days 9:01 hours
libc: glibc 2.36 NPTL 2.36 
rlimit (soft/hard): STACK 8192k/infinity , CORE 0k/infinity , NPROC 31470/31470 , NOFILE 1048576/1048576 , AS infinity/infinity , CPU infinity/infinity , DATA infinity/infinity , FSIZE infinity/infinity , MEMLOCK 65536k/65536k
load average: 0.70 1.34 1.07

/proc/meminfo:
MemTotal:        8062912 kB
MemFree:          789928 kB
MemAvailable:    1808212 kB
Buffers:           82040 kB
Cached:          1134684 kB
SwapCached:           84 kB
Active:           570492 kB
Inactive:        6262672 kB
Active(anon):       2440 kB
Inactive(anon):  5623468 kB
Active(file):     568052 kB
Inactive(file):   639204 kB
Unevictable:           0 kB
Mlocked:               0 kB
SwapTotal:       2097152 kB
SwapFree:        2094332 kB
Dirty:               192 kB
Writeback:             0 kB
AnonPages:       5539632 kB
Mapped:           417996 kB
Shmem:              9468 kB
KReclaimable:      54096 kB
Slab:             114572 kB
SReclaimable:      54096 kB
SUnreclaim:        60476 kB
KernelStack:       11856 kB
PageTables:        50316 kB
NFS_Unstable:          0 kB
Bounce:                0 kB
WritebackTmp:          0 kB
CommitLimit:     6128608 kB
Committed_AS:    6657208 kB
VmallocTotal:   34359738367 kB
VmallocUsed:       32956 kB
VmallocChunk:          0 kB
Percpu:             3072 kB
AnonHugePages:   3475456 kB
ShmemHugePages:        0 kB
ShmemPmdMapped:        0 kB
FileHugePages:         0 kB
FilePmdMapped:         0 kB
HugePages_Total:       0
HugePages_Free:        0
HugePages_Rsvd:        0
HugePages_Surp:        0
Hugepagesize:       2048 kB
Hugetlb:               0 kB
DirectMap4k:      105472 kB
DirectMap2M:     6111232 kB
DirectMap1G:    11534336 kB

/sys/kernel/mm/transparent_hugepage/enabled: [always] madvise never
/sys/kernel/mm/transparent_hugepage/defrag (defrag/compaction efforts parameter): always defer defer+madvise [madvise] never

Process Memory:
Virtual Size: 6248332K (peak: 6251164K)
Resident Set Size: 1072036K (peak: 1072036K) (anon: 884040K, file: 187996K, shmem: 0K)
Swapped out: 0K
C-Heap outstanding allocations: 85589K, retained: 120402K
glibc malloc tunables: (default)

/proc/sys/kernel/threads-max (system-wide limit on the number of threads): 62940
/proc/sys/vm/max_map_count (maximum number of memory map areas a process may have): 65530
/proc/sys/kernel/pid_max (system-wide limit on number of process identifiers): 4194304

container (cgroup) information:
container_type: cgroupv1
cpu_cpuset_cpus: 0-7
cpu_memory_nodes: 0
active_processor_count: 8
cpu_quota: no quota
cpu_period: 100000
cpu_shares: no shares
memory_limit_in_bytes: unlimited
memory_and_swap_limit_in_bytes: unlimited
memory_soft_limit_in_bytes: unlimited
memory_usage_in_bytes: 6756720 k
memory_max_usage_in_bytes: 590952 k
kernel_memory_usage_in_bytes: 11780 k
kernel_memory_max_usage_in_bytes: unlimited
kernel_memory_limit_in_bytes: 12560 k
maximum number of tasks: not supported
current number of tasks: not supported

Hyper-V virtualization detected
Steal ticks since vm start: 0
Steal ticks percentage since vm start:  0.000

CPU: total 8 (initial active 8) (4 cores per cpu, 2 threads per core) family 6 model 142 stepping 10 microcode 0xffffffff, cx8, cmov, fxsr, ht, mmx, 3dnowpref, sse, sse2, sse3, ssse3, sse4.1, sse4.2, popcnt, lzcnt, tsc, avx, avx2, aes, erms, clmul, bmi1, bmi2, rtm, adx, fma, vzeroupper, clflush, clflushopt, hv
CPU Model and flags from /proc/cpuinfo:
model name	: Intel(R) Core(TM) i7-8650U CPU @ 1.90GHz
flags		: fpu vme de pse tsc msr pae mce cx8 apic sep mtrr pge mca cmov pat pse36 clflush mmx fxsr sse sse2 ss ht syscall nx pdpe1gb rdtscp lm constant_tsc arch_perfmon rep_good nopl xtopology cpuid pni pclmulqdq ssse3 fma cx16 pdcm pcid sse4_1 sse4_2 movbe popcnt aes xsave avx f16c rdrand hypervisor lahf_lm abm 3dnowprefetch invpcid_single pti ssbd ibrs ibpb stibp fsgsbase bmi1 hle avx2 smep bmi2 erms invpcid rtm rdseed adx smap clflushopt xsaveopt xsavec xgetbv1 xsaves flush_l1d arch_capabilities

Online cpus: 0-7
Offline cpus: 
BIOS frequency limitation: <Not Available>
Frequency switch latency (ns): <Not Available>
Available cpu frequencies: <Not Available>
Current governor: <Not Available>
Core performance/turbo boost: <Not Available>

Memory: 4k page, physical 8062912k(789928k free), swap 2097152k(2094332k free)
Page Sizes: 4k

vm_info: OpenJDK 64-Bit Server VM (17.0.7+7) for linux-amd64 JRE (17.0.7+7), built on Apr 18 2023 00:00:00 by "temurin" with gcc 10.3.0

END.
